ARM GAS  C:\Users\cleme\AppData\Local\Temp\ccF2D0XD.s 			page 1


   1              		.syntax unified
   2              		.cpu cortex-m3
   3              		.fpu softvfp
   4              		.eabi_attribute 20, 1
   5              		.eabi_attribute 21, 1
   6              		.eabi_attribute 23, 3
   7              		.eabi_attribute 24, 1
   8              		.eabi_attribute 25, 1
   9              		.eabi_attribute 26, 1
  10              		.eabi_attribute 30, 1
  11              		.eabi_attribute 34, 1
  12              		.eabi_attribute 18, 4
  13              		.thumb
  14              		.syntax unified
  15              		.file	"cymetadata.c"
  16              		.text
  17              	.Ltext0:
  18              		.cfi_sections	.debug_frame
  19              		.global	cy_metadata
  20              		.global	cy_meta_flashprotect
  21              		.global	cy_meta_wonvl
  22              		.global	cy_meta_custnvl
  23              		.global	cy_meta_configecc
  24              		.section	.cyconfigecc,"a",%progbits
  25              		.align	2
  26              		.type	cy_meta_configecc, %object
  27              		.size	cy_meta_configecc, 1496
  28              	cy_meta_configecc:
  29 0000 02       		.byte	2
  30 0001 4F       		.byte	79
  31 0002 00       		.byte	0
  32 0003 40       		.byte	64
  33 0004 03       		.byte	3
  34 0005 52       		.byte	82
  35 0006 00       		.byte	0
  36 0007 40       		.byte	64
  37 0008 03       		.byte	3
  38 0009 64       		.byte	100
  39 000a 00       		.byte	0
  40 000b 40       		.byte	64
  41 000c 02       		.byte	2
  42 000d 65       		.byte	101
  43 000e 00       		.byte	0
  44 000f 40       		.byte	64
  45 0010 01       		.byte	1
  46 0011 03       		.byte	3
  47 0012 01       		.byte	1
  48 0013 40       		.byte	64
  49 0014 02       		.byte	2
  50 0015 07       		.byte	7
  51 0016 01       		.byte	1
  52 0017 40       		.byte	64
  53 0018 04       		.byte	4
  54 0019 09       		.byte	9
  55 001a 01       		.byte	1
  56 001b 40       		.byte	64
  57 001c 3F       		.byte	63
ARM GAS  C:\Users\cleme\AppData\Local\Temp\ccF2D0XD.s 			page 2


  58 001d 0A       		.byte	10
  59 001e 01       		.byte	1
  60 001f 40       		.byte	64
  61 0020 31       		.byte	49
  62 0021 0B       		.byte	11
  63 0022 01       		.byte	1
  64 0023 40       		.byte	64
  65 0024 52       		.byte	82
  66 0025 0C       		.byte	12
  67 0026 01       		.byte	1
  68 0027 40       		.byte	64
  69 0028 40       		.byte	64
  70 0029 0D       		.byte	13
  71 002a 01       		.byte	1
  72 002b 40       		.byte	64
  73 002c 0F       		.byte	15
  74 002d 0E       		.byte	14
  75 002e 01       		.byte	1
  76 002f 40       		.byte	64
  77 0030 31       		.byte	49
  78 0031 0F       		.byte	15
  79 0032 01       		.byte	1
  80 0033 40       		.byte	64
  81 0034 40       		.byte	64
  82 0035 14       		.byte	20
  83 0036 01       		.byte	1
  84 0037 40       		.byte	64
  85 0038 26       		.byte	38
  86 0039 15       		.byte	21
  87 003a 01       		.byte	1
  88 003b 40       		.byte	64
  89 003c 45       		.byte	69
  90 003d 16       		.byte	22
  91 003e 01       		.byte	1
  92 003f 40       		.byte	64
  93 0040 24       		.byte	36
  94 0041 17       		.byte	23
  95 0042 01       		.byte	1
  96 0043 40       		.byte	64
  97 0044 03       		.byte	3
  98 0045 1B       		.byte	27
  99 0046 01       		.byte	1
 100 0047 40       		.byte	64
 101 0048 02       		.byte	2
 102 0049 40       		.byte	64
 103 004a 01       		.byte	1
 104 004b 40       		.byte	64
 105 004c 03       		.byte	3
 106 004d 41       		.byte	65
 107 004e 01       		.byte	1
 108 004f 40       		.byte	64
 109 0050 02       		.byte	2
 110 0051 44       		.byte	68
 111 0052 01       		.byte	1
 112 0053 40       		.byte	64
 113 0054 03       		.byte	3
 114 0055 45       		.byte	69
ARM GAS  C:\Users\cleme\AppData\Local\Temp\ccF2D0XD.s 			page 3


 115 0056 01       		.byte	1
 116 0057 40       		.byte	64
 117 0058 05       		.byte	5
 118 0059 46       		.byte	70
 119 005a 01       		.byte	1
 120 005b 40       		.byte	64
 121 005c 02       		.byte	2
 122 005d 47       		.byte	71
 123 005e 01       		.byte	1
 124 005f 40       		.byte	64
 125 0060 07       		.byte	7
 126 0061 48       		.byte	72
 127 0062 01       		.byte	1
 128 0063 40       		.byte	64
 129 0064 08       		.byte	8
 130 0065 49       		.byte	73
 131 0066 01       		.byte	1
 132 0067 40       		.byte	64
 133 0068 04       		.byte	4
 134 0069 4C       		.byte	76
 135 006a 01       		.byte	1
 136 006b 40       		.byte	64
 137 006c 07       		.byte	7
 138 006d 4D       		.byte	77
 139 006e 01       		.byte	1
 140 006f 40       		.byte	64
 141 0070 05       		.byte	5
 142 0071 50       		.byte	80
 143 0072 01       		.byte	1
 144 0073 40       		.byte	64
 145 0074 01       		.byte	1
 146 0075 51       		.byte	81
 147 0076 01       		.byte	1
 148 0077 40       		.byte	64
 149 0078 01       		.byte	1
 150 0079 80       		.byte	-128
 151 007a 0A       		.byte	10
 152 007b 36       		.byte	54
 153 007c 09       		.byte	9
 154 007d 04       		.byte	4
 155 007e 14       		.byte	20
 156 007f 80       		.byte	-128
 157 0080 79       		.byte	121
 158 0081 08       		.byte	8
 159 0082 8A       		.byte	-118
 160 0083 0F       		.byte	15
 161 0084 8C       		.byte	-116
 162 0085 38       		.byte	56
 163 0086 8F       		.byte	-113
 164 0087 72       		.byte	114
 165 0088 85       		.byte	-123
 166 0089 0D       		.byte	13
 167 008a 87       		.byte	-121
 168 008b 0D       		.byte	13
 169 008c E6       		.byte	-26
 170 008d 02       		.byte	2
 171 008e A3       		.byte	-93
ARM GAS  C:\Users\cleme\AppData\Local\Temp\ccF2D0XD.s 			page 4


 172 008f 02       		.byte	2
 173 0090 B3       		.byte	-77
 174 0091 02       		.byte	2
 175 0092 B1       		.byte	-79
 176 0093 80       		.byte	-128
 177 0094 B4       		.byte	-76
 178 0095 40       		.byte	64
 179 0096 B7       		.byte	-73
 180 0097 20       		.byte	32
 181 0098 EE       		.byte	-18
 182 0099 80       		.byte	-128
 183 009a 00       		.byte	0
 184 009b 6C       		.byte	108
 185 009c 02       		.byte	2
 186 009d 11       		.byte	17
 187 009e 04       		.byte	4
 188 009f 5C       		.byte	92
 189 00a0 05       		.byte	5
 190 00a1 0A       		.byte	10
 191 00a2 06       		.byte	6
 192 00a3 02       		.byte	2
 193 00a4 07       		.byte	7
 194 00a5 54       		.byte	84
 195 00a6 0B       		.byte	11
 196 00a7 08       		.byte	8
 197 00a8 0D       		.byte	13
 198 00a9 03       		.byte	3
 199 00aa 0E       		.byte	14
 200 00ab 03       		.byte	3
 201 00ac 0F       		.byte	15
 202 00ad 14       		.byte	20
 203 00ae 14       		.byte	20
 204 00af 09       		.byte	9
 205 00b0 16       		.byte	22
 206 00b1 10       		.byte	16
 207 00b2 19       		.byte	25
 208 00b3 80       		.byte	-128
 209 00b4 1B       		.byte	27
 210 00b5 15       		.byte	21
 211 00b6 1C       		.byte	28
 212 00b7 70       		.byte	112
 213 00b8 1D       		.byte	29
 214 00b9 53       		.byte	83
 215 00ba 1E       		.byte	30
 216 00bb 0C       		.byte	12
 217 00bc 1F       		.byte	31
 218 00bd 0C       		.byte	12
 219 00be 20       		.byte	32
 220 00bf 10       		.byte	16
 221 00c0 21       		.byte	33
 222 00c1 53       		.byte	83
 223 00c2 23       		.byte	35
 224 00c3 04       		.byte	4
 225 00c4 26       		.byte	38
 226 00c5 20       		.byte	32
 227 00c6 28       		.byte	40
 228 00c7 14       		.byte	20
ARM GAS  C:\Users\cleme\AppData\Local\Temp\ccF2D0XD.s 			page 5


 229 00c8 29       		.byte	41
 230 00c9 20       		.byte	32
 231 00ca 30       		.byte	48
 232 00cb 60       		.byte	96
 233 00cc 31       		.byte	49
 234 00cd 10       		.byte	16
 235 00ce 33       		.byte	51
 236 00cf 20       		.byte	32
 237 00d0 35       		.byte	53
 238 00d1 C0       		.byte	-64
 239 00d2 36       		.byte	54
 240 00d3 1F       		.byte	31
 241 00d4 37       		.byte	55
 242 00d5 0F       		.byte	15
 243 00d6 38       		.byte	56
 244 00d7 02       		.byte	2
 245 00d8 39       		.byte	57
 246 00d9 20       		.byte	32
 247 00da 3B       		.byte	59
 248 00db 80       		.byte	-128
 249 00dc 3E       		.byte	62
 250 00dd 01       		.byte	1
 251 00de 3F       		.byte	63
 252 00df 05       		.byte	5
 253 00e0 40       		.byte	64
 254 00e1 16       		.byte	22
 255 00e2 41       		.byte	65
 256 00e3 04       		.byte	4
 257 00e4 45       		.byte	69
 258 00e5 E0       		.byte	-32
 259 00e6 46       		.byte	70
 260 00e7 EC       		.byte	-20
 261 00e8 47       		.byte	71
 262 00e9 0B       		.byte	11
 263 00ea 48       		.byte	72
 264 00eb 1E       		.byte	30
 265 00ec 49       		.byte	73
 266 00ed FF       		.byte	-1
 267 00ee 4A       		.byte	74
 268 00ef FF       		.byte	-1
 269 00f0 4B       		.byte	75
 270 00f1 FF       		.byte	-1
 271 00f2 4E       		.byte	78
 272 00f3 F0       		.byte	-16
 273 00f4 4F       		.byte	79
 274 00f5 44       		.byte	68
 275 00f6 50       		.byte	80
 276 00f7 0C       		.byte	12
 277 00f8 54       		.byte	84
 278 00f9 01       		.byte	1
 279 00fa 58       		.byte	88
 280 00fb 04       		.byte	4
 281 00fc 59       		.byte	89
 282 00fd 04       		.byte	4
 283 00fe 5A       		.byte	90
 284 00ff 04       		.byte	4
 285 0100 5B       		.byte	91
ARM GAS  C:\Users\cleme\AppData\Local\Temp\ccF2D0XD.s 			page 6


 286 0101 04       		.byte	4
 287 0102 5C       		.byte	92
 288 0103 33       		.byte	51
 289 0104 5D       		.byte	93
 290 0105 33       		.byte	51
 291 0106 5F       		.byte	95
 292 0107 01       		.byte	1
 293 0108 66       		.byte	102
 294 0109 C0       		.byte	-64
 295 010a 6A       		.byte	106
 296 010b 40       		.byte	64
 297 010c 6B       		.byte	107
 298 010d 02       		.byte	2
 299 010e AE       		.byte	-82
 300 010f 01       		.byte	1
 301 0110 B0       		.byte	-80
 302 0111 01       		.byte	1
 303 0112 D8       		.byte	-40
 304 0113 04       		.byte	4
 305 0114 DC       		.byte	-36
 306 0115 03       		.byte	3
 307 0116 DF       		.byte	-33
 308 0117 01       		.byte	1
 309 0118 00       		.byte	0
 310 0119 06       		.byte	6
 311 011a 01       		.byte	1
 312 011b 82       		.byte	-126
 313 011c 09       		.byte	9
 314 011d 80       		.byte	-128
 315 011e 0A       		.byte	10
 316 011f 20       		.byte	32
 317 0120 10       		.byte	16
 318 0121 08       		.byte	8
 319 0122 12       		.byte	18
 320 0123 A0       		.byte	-96
 321 0124 14       		.byte	20
 322 0125 01       		.byte	1
 323 0126 18       		.byte	24
 324 0127 40       		.byte	64
 325 0128 19       		.byte	25
 326 0129 80       		.byte	-128
 327 012a 1E       		.byte	30
 328 012b 40       		.byte	64
 329 012c 21       		.byte	33
 330 012d 90       		.byte	-112
 331 012e 22       		.byte	34
 332 012f 14       		.byte	20
 333 0130 23       		.byte	35
 334 0131 80       		.byte	-128
 335 0132 28       		.byte	40
 336 0133 80       		.byte	-128
 337 0134 29       		.byte	41
 338 0135 02       		.byte	2
 339 0136 2A       		.byte	42
 340 0137 10       		.byte	16
 341 0138 31       		.byte	49
 342 0139 90       		.byte	-112
ARM GAS  C:\Users\cleme\AppData\Local\Temp\ccF2D0XD.s 			page 7


 343 013a 32       		.byte	50
 344 013b 20       		.byte	32
 345 013c 38       		.byte	56
 346 013d 84       		.byte	-124
 347 013e 39       		.byte	57
 348 013f 20       		.byte	32
 349 0140 40       		.byte	64
 350 0141 82       		.byte	-126
 351 0142 41       		.byte	65
 352 0143 80       		.byte	-128
 353 0144 49       		.byte	73
 354 0145 11       		.byte	17
 355 0146 50       		.byte	80
 356 0147 48       		.byte	72
 357 0148 52       		.byte	82
 358 0149 10       		.byte	16
 359 014a 59       		.byte	89
 360 014b 01       		.byte	1
 361 014c 5A       		.byte	90
 362 014d 08       		.byte	8
 363 014e 5B       		.byte	91
 364 014f A0       		.byte	-96
 365 0150 90       		.byte	-112
 366 0151 04       		.byte	4
 367 0152 94       		.byte	-108
 368 0153 40       		.byte	64
 369 0154 96       		.byte	-106
 370 0155 60       		.byte	96
 371 0156 98       		.byte	-104
 372 0157 01       		.byte	1
 373 0158 9C       		.byte	-100
 374 0159 02       		.byte	2
 375 015a A0       		.byte	-96
 376 015b 01       		.byte	1
 377 015c A2       		.byte	-94
 378 015d A0       		.byte	-96
 379 015e A5       		.byte	-91
 380 015f 80       		.byte	-128
 381 0160 A8       		.byte	-88
 382 0161 04       		.byte	4
 383 0162 A9       		.byte	-87
 384 0163 20       		.byte	32
 385 0164 B0       		.byte	-80
 386 0165 01       		.byte	1
 387 0166 B2       		.byte	-78
 388 0167 10       		.byte	16
 389 0168 C0       		.byte	-64
 390 0169 0D       		.byte	13
 391 016a C2       		.byte	-62
 392 016b 05       		.byte	5
 393 016c C4       		.byte	-60
 394 016d 8E       		.byte	-114
 395 016e CA       		.byte	-54
 396 016f 05       		.byte	5
 397 0170 CC       		.byte	-52
 398 0171 0C       		.byte	12
 399 0172 CE       		.byte	-50
ARM GAS  C:\Users\cleme\AppData\Local\Temp\ccF2D0XD.s 			page 8


 400 0173 0E       		.byte	14
 401 0174 D0       		.byte	-48
 402 0175 09       		.byte	9
 403 0176 D2       		.byte	-46
 404 0177 04       		.byte	4
 405 0178 D6       		.byte	-42
 406 0179 0F       		.byte	15
 407 017a 00       		.byte	0
 408 017b 7C       		.byte	124
 409 017c 02       		.byte	2
 410 017d 81       		.byte	-127
 411 017e 03       		.byte	3
 412 017f 06       		.byte	6
 413 0180 04       		.byte	4
 414 0181 24       		.byte	36
 415 0182 05       		.byte	5
 416 0183 04       		.byte	4
 417 0184 08       		.byte	8
 418 0185 60       		.byte	96
 419 0186 09       		.byte	9
 420 0187 06       		.byte	6
 421 0188 0C       		.byte	12
 422 0189 E7       		.byte	-25
 423 018a 0E       		.byte	14
 424 018b 18       		.byte	24
 425 018c 0F       		.byte	15
 426 018d 01       		.byte	1
 427 018e 11       		.byte	17
 428 018f 02       		.byte	2
 429 0190 12       		.byte	18
 430 0191 04       		.byte	4
 431 0192 14       		.byte	20
 432 0193 1C       		.byte	28
 433 0194 16       		.byte	22
 434 0195 E2       		.byte	-30
 435 0196 17       		.byte	23
 436 0197 06       		.byte	6
 437 0198 18       		.byte	24
 438 0199 40       		.byte	64
 439 019a 19       		.byte	25
 440 019b 06       		.byte	6
 441 019c 1C       		.byte	28
 442 019d 10       		.byte	16
 443 019e 1D       		.byte	29
 444 019f 06       		.byte	6
 445 01a0 22       		.byte	34
 446 01a1 63       		.byte	99
 447 01a2 23       		.byte	35
 448 01a3 06       		.byte	6
 449 01a4 24       		.byte	36
 450 01a5 08       		.byte	8
 451 01a6 28       		.byte	40
 452 01a7 18       		.byte	24
 453 01a8 2C       		.byte	44
 454 01a9 FF       		.byte	-1
 455 01aa 2F       		.byte	47
 456 01ab 01       		.byte	1
ARM GAS  C:\Users\cleme\AppData\Local\Temp\ccF2D0XD.s 			page 9


 457 01ac 30       		.byte	48
 458 01ad 80       		.byte	-128
 459 01ae 32       		.byte	50
 460 01af 1F       		.byte	31
 461 01b0 34       		.byte	52
 462 01b1 78       		.byte	120
 463 01b2 35       		.byte	53
 464 01b3 01       		.byte	1
 465 01b4 37       		.byte	55
 466 01b5 06       		.byte	6
 467 01b6 38       		.byte	56
 468 01b7 02       		.byte	2
 469 01b8 3A       		.byte	58
 470 01b9 28       		.byte	40
 471 01ba 3B       		.byte	59
 472 01bb 02       		.byte	2
 473 01bc 3F       		.byte	63
 474 01bd 10       		.byte	16
 475 01be 54       		.byte	84
 476 01bf 18       		.byte	24
 477 01c0 56       		.byte	86
 478 01c1 04       		.byte	4
 479 01c2 58       		.byte	88
 480 01c3 04       		.byte	4
 481 01c4 59       		.byte	89
 482 01c5 04       		.byte	4
 483 01c6 5B       		.byte	91
 484 01c7 04       		.byte	4
 485 01c8 5C       		.byte	92
 486 01c9 33       		.byte	51
 487 01ca 5D       		.byte	93
 488 01cb 30       		.byte	48
 489 01cc 5F       		.byte	95
 490 01cd 01       		.byte	1
 491 01ce 84       		.byte	-124
 492 01cf 0C       		.byte	12
 493 01d0 85       		.byte	-123
 494 01d1 06       		.byte	6
 495 01d2 86       		.byte	-122
 496 01d3 03       		.byte	3
 497 01d4 87       		.byte	-121
 498 01d5 01       		.byte	1
 499 01d6 8B       		.byte	-117
 500 01d7 06       		.byte	6
 501 01d8 90       		.byte	-112
 502 01d9 01       		.byte	1
 503 01da 92       		.byte	-110
 504 01db 0E       		.byte	14
 505 01dc 96       		.byte	-106
 506 01dd 0C       		.byte	12
 507 01de 9B       		.byte	-101
 508 01df 01       		.byte	1
 509 01e0 9C       		.byte	-100
 510 01e1 01       		.byte	1
 511 01e2 9E       		.byte	-98
 512 01e3 06       		.byte	6
 513 01e4 9F       		.byte	-97
ARM GAS  C:\Users\cleme\AppData\Local\Temp\ccF2D0XD.s 			page 10


 514 01e5 03       		.byte	3
 515 01e6 A2       		.byte	-94
 516 01e7 08       		.byte	8
 517 01e8 A3       		.byte	-93
 518 01e9 02       		.byte	2
 519 01ea A6       		.byte	-90
 520 01eb 03       		.byte	3
 521 01ec AF       		.byte	-81
 522 01ed 05       		.byte	5
 523 01ee B4       		.byte	-76
 524 01ef 0F       		.byte	15
 525 01f0 B7       		.byte	-73
 526 01f1 07       		.byte	7
 527 01f2 BA       		.byte	-70
 528 01f3 20       		.byte	32
 529 01f4 BB       		.byte	-69
 530 01f5 80       		.byte	-128
 531 01f6 C0       		.byte	-64
 532 01f7 04       		.byte	4
 533 01f8 C5       		.byte	-59
 534 01f9 40       		.byte	64
 535 01fa C9       		.byte	-55
 536 01fb FF       		.byte	-1
 537 01fc CA       		.byte	-54
 538 01fd 07       		.byte	7
 539 01fe CB       		.byte	-53
 540 01ff FF       		.byte	-1
 541 0200 CC       		.byte	-52
 542 0201 40       		.byte	64
 543 0202 CD       		.byte	-51
 544 0203 20       		.byte	32
 545 0204 CE       		.byte	-50
 546 0205 F0       		.byte	-16
 547 0206 CF       		.byte	-49
 548 0207 05       		.byte	5
 549 0208 D0       		.byte	-48
 550 0209 08       		.byte	8
 551 020a D8       		.byte	-40
 552 020b 04       		.byte	4
 553 020c D9       		.byte	-39
 554 020d 04       		.byte	4
 555 020e DA       		.byte	-38
 556 020f 04       		.byte	4
 557 0210 DC       		.byte	-36
 558 0211 33       		.byte	51
 559 0212 DD       		.byte	-35
 560 0213 03       		.byte	3
 561 0214 DF       		.byte	-33
 562 0215 01       		.byte	1
 563 0216 E0       		.byte	-32
 564 0217 40       		.byte	64
 565 0218 E1       		.byte	-31
 566 0219 A8       		.byte	-88
 567 021a E2       		.byte	-30
 568 021b 40       		.byte	64
 569 021c E3       		.byte	-29
 570 021d 20       		.byte	32
ARM GAS  C:\Users\cleme\AppData\Local\Temp\ccF2D0XD.s 			page 11


 571 021e 00       		.byte	0
 572 021f 04       		.byte	4
 573 0220 04       		.byte	4
 574 0221 10       		.byte	16
 575 0222 05       		.byte	5
 576 0223 02       		.byte	2
 577 0224 06       		.byte	6
 578 0225 10       		.byte	16
 579 0226 07       		.byte	7
 580 0227 01       		.byte	1
 581 0228 09       		.byte	9
 582 0229 80       		.byte	-128
 583 022a 0A       		.byte	10
 584 022b A0       		.byte	-96
 585 022c 0B       		.byte	11
 586 022d 10       		.byte	16
 587 022e 0C       		.byte	12
 588 022f 80       		.byte	-128
 589 0230 0D       		.byte	13
 590 0231 20       		.byte	32
 591 0232 0E       		.byte	14
 592 0233 60       		.byte	96
 593 0234 0F       		.byte	15
 594 0235 04       		.byte	4
 595 0236 12       		.byte	18
 596 0237 A0       		.byte	-96
 597 0238 15       		.byte	21
 598 0239 01       		.byte	1
 599 023a 17       		.byte	23
 600 023b 68       		.byte	104
 601 023c 18       		.byte	24
 602 023d 04       		.byte	4
 603 023e 1D       		.byte	29
 604 023f 14       		.byte	20
 605 0240 1E       		.byte	30
 606 0241 24       		.byte	36
 607 0242 1F       		.byte	31
 608 0243 02       		.byte	2
 609 0244 20       		.byte	32
 610 0245 02       		.byte	2
 611 0246 22       		.byte	34
 612 0247 40       		.byte	64
 613 0248 24       		.byte	36
 614 0249 08       		.byte	8
 615 024a 27       		.byte	39
 616 024b 42       		.byte	66
 617 024c 28       		.byte	40
 618 024d 02       		.byte	2
 619 024e 29       		.byte	41
 620 024f 01       		.byte	1
 621 0250 2D       		.byte	45
 622 0251 02       		.byte	2
 623 0252 2F       		.byte	47
 624 0253 02       		.byte	2
 625 0254 32       		.byte	50
 626 0255 60       		.byte	96
 627 0256 34       		.byte	52
ARM GAS  C:\Users\cleme\AppData\Local\Temp\ccF2D0XD.s 			page 12


 628 0257 01       		.byte	1
 629 0258 35       		.byte	53
 630 0259 14       		.byte	20
 631 025a 37       		.byte	55
 632 025b 40       		.byte	64
 633 025c 38       		.byte	56
 634 025d 04       		.byte	4
 635 025e 3B       		.byte	59
 636 025f 10       		.byte	16
 637 0260 3C       		.byte	60
 638 0261 10       		.byte	16
 639 0262 3D       		.byte	61
 640 0263 03       		.byte	3
 641 0264 3F       		.byte	63
 642 0265 84       		.byte	-124
 643 0266 40       		.byte	64
 644 0267 40       		.byte	64
 645 0268 49       		.byte	73
 646 0269 01       		.byte	1
 647 026a 4A       		.byte	74
 648 026b A0       		.byte	-96
 649 026c 5F       		.byte	95
 650 026d 02       		.byte	2
 651 026e 65       		.byte	101
 652 026f 20       		.byte	32
 653 0270 67       		.byte	103
 654 0271 42       		.byte	66
 655 0272 87       		.byte	-121
 656 0273 40       		.byte	64
 657 0274 8A       		.byte	-118
 658 0275 04       		.byte	4
 659 0276 8B       		.byte	-117
 660 0277 01       		.byte	1
 661 0278 90       		.byte	-112
 662 0279 10       		.byte	16
 663 027a 93       		.byte	-109
 664 027b 02       		.byte	2
 665 027c 99       		.byte	-103
 666 027d 02       		.byte	2
 667 027e 9B       		.byte	-101
 668 027f 28       		.byte	40
 669 0280 9C       		.byte	-100
 670 0281 01       		.byte	1
 671 0282 9D       		.byte	-99
 672 0283 14       		.byte	20
 673 0284 9F       		.byte	-97
 674 0285 40       		.byte	64
 675 0286 A0       		.byte	-96
 676 0287 80       		.byte	-128
 677 0288 A1       		.byte	-95
 678 0289 21       		.byte	33
 679 028a A3       		.byte	-93
 680 028b 40       		.byte	64
 681 028c C0       		.byte	-64
 682 028d F4       		.byte	-12
 683 028e C2       		.byte	-62
 684 028f FD       		.byte	-3
ARM GAS  C:\Users\cleme\AppData\Local\Temp\ccF2D0XD.s 			page 13


 685 0290 C4       		.byte	-60
 686 0291 FC       		.byte	-4
 687 0292 CA       		.byte	-54
 688 0293 99       		.byte	-103
 689 0294 CC       		.byte	-52
 690 0295 FC       		.byte	-4
 691 0296 CE       		.byte	-50
 692 0297 F6       		.byte	-10
 693 0298 D0       		.byte	-48
 694 0299 01       		.byte	1
 695 029a D6       		.byte	-42
 696 029b 80       		.byte	-128
 697 029c D8       		.byte	-40
 698 029d B0       		.byte	-80
 699 029e 09       		.byte	9
 700 029f 67       		.byte	103
 701 02a0 15       		.byte	21
 702 02a1 01       		.byte	1
 703 02a2 17       		.byte	23
 704 02a3 0E       		.byte	14
 705 02a4 19       		.byte	25
 706 02a5 44       		.byte	68
 707 02a6 1B       		.byte	27
 708 02a7 31       		.byte	49
 709 02a8 25       		.byte	37
 710 02a9 67       		.byte	103
 711 02aa 2D       		.byte	45
 712 02ab 22       		.byte	34
 713 02ac 2F       		.byte	47
 714 02ad 51       		.byte	81
 715 02ae 33       		.byte	51
 716 02af 07       		.byte	7
 717 02b0 35       		.byte	53
 718 02b1 60       		.byte	96
 719 02b2 37       		.byte	55
 720 02b3 18       		.byte	24
 721 02b4 3F       		.byte	63
 722 02b5 40       		.byte	64
 723 02b6 59       		.byte	89
 724 02b7 04       		.byte	4
 725 02b8 5C       		.byte	92
 726 02b9 30       		.byte	48
 727 02ba 5F       		.byte	95
 728 02bb 01       		.byte	1
 729 02bc 05       		.byte	5
 730 02bd 14       		.byte	20
 731 02be 06       		.byte	6
 732 02bf 84       		.byte	-124
 733 02c0 07       		.byte	7
 734 02c1 50       		.byte	80
 735 02c2 0E       		.byte	14
 736 02c3 22       		.byte	34
 737 02c4 0F       		.byte	15
 738 02c5 48       		.byte	72
 739 02c6 16       		.byte	22
 740 02c7 02       		.byte	2
 741 02c8 17       		.byte	23
ARM GAS  C:\Users\cleme\AppData\Local\Temp\ccF2D0XD.s 			page 14


 742 02c9 28       		.byte	40
 743 02ca 1E       		.byte	30
 744 02cb 0A       		.byte	10
 745 02cc 1F       		.byte	31
 746 02cd 01       		.byte	1
 747 02ce 20       		.byte	32
 748 02cf 10       		.byte	16
 749 02d0 21       		.byte	33
 750 02d1 A8       		.byte	-88
 751 02d2 25       		.byte	37
 752 02d3 01       		.byte	1
 753 02d4 26       		.byte	38
 754 02d5 12       		.byte	18
 755 02d6 27       		.byte	39
 756 02d7 04       		.byte	4
 757 02d8 28       		.byte	40
 758 02d9 01       		.byte	1
 759 02da 2B       		.byte	43
 760 02db 20       		.byte	32
 761 02dc 2C       		.byte	44
 762 02dd 28       		.byte	40
 763 02de 2D       		.byte	45
 764 02df 02       		.byte	2
 765 02e0 2E       		.byte	46
 766 02e1 80       		.byte	-128
 767 02e2 31       		.byte	49
 768 02e3 28       		.byte	40
 769 02e4 34       		.byte	52
 770 02e5 08       		.byte	8
 771 02e6 37       		.byte	55
 772 02e7 11       		.byte	17
 773 02e8 39       		.byte	57
 774 02e9 10       		.byte	16
 775 02ea 3D       		.byte	61
 776 02eb 14       		.byte	20
 777 02ec 3E       		.byte	62
 778 02ed 02       		.byte	2
 779 02ee 3F       		.byte	63
 780 02ef 40       		.byte	64
 781 02f0 44       		.byte	68
 782 02f1 08       		.byte	8
 783 02f2 45       		.byte	69
 784 02f3 80       		.byte	-128
 785 02f4 46       		.byte	70
 786 02f5 84       		.byte	-124
 787 02f6 47       		.byte	71
 788 02f7 04       		.byte	4
 789 02f8 4E       		.byte	78
 790 02f9 02       		.byte	2
 791 02fa 4F       		.byte	79
 792 02fb 48       		.byte	72
 793 02fc 57       		.byte	87
 794 02fd 40       		.byte	64
 795 02fe 5D       		.byte	93
 796 02ff 02       		.byte	2
 797 0300 5E       		.byte	94
 798 0301 0A       		.byte	10
ARM GAS  C:\Users\cleme\AppData\Local\Temp\ccF2D0XD.s 			page 15


 799 0302 6D       		.byte	109
 800 0303 14       		.byte	20
 801 0304 6F       		.byte	111
 802 0305 21       		.byte	33
 803 0306 74       		.byte	116
 804 0307 A8       		.byte	-88
 805 0308 76       		.byte	118
 806 0309 02       		.byte	2
 807 030a 77       		.byte	119
 808 030b 28       		.byte	40
 809 030c C0       		.byte	-64
 810 030d 70       		.byte	112
 811 030e C2       		.byte	-62
 812 030f F0       		.byte	-16
 813 0310 C4       		.byte	-60
 814 0311 E0       		.byte	-32
 815 0312 CA       		.byte	-54
 816 0313 FA       		.byte	-6
 817 0314 CC       		.byte	-52
 818 0315 E6       		.byte	-26
 819 0316 CE       		.byte	-50
 820 0317 F4       		.byte	-12
 821 0318 D0       		.byte	-48
 822 0319 F0       		.byte	-16
 823 031a D2       		.byte	-46
 824 031b 10       		.byte	16
 825 031c D6       		.byte	-42
 826 031d 40       		.byte	64
 827 031e 38       		.byte	56
 828 031f 80       		.byte	-128
 829 0320 3E       		.byte	62
 830 0321 40       		.byte	64
 831 0322 40       		.byte	64
 832 0323 30       		.byte	48
 833 0324 41       		.byte	65
 834 0325 02       		.byte	2
 835 0326 49       		.byte	73
 836 0327 FF       		.byte	-1
 837 0328 4A       		.byte	74
 838 0329 FF       		.byte	-1
 839 032a 4B       		.byte	75
 840 032b FF       		.byte	-1
 841 032c 4D       		.byte	77
 842 032d A0       		.byte	-96
 843 032e 4F       		.byte	79
 844 032f 04       		.byte	4
 845 0330 50       		.byte	80
 846 0331 18       		.byte	24
 847 0332 58       		.byte	88
 848 0333 04       		.byte	4
 849 0334 5A       		.byte	90
 850 0335 04       		.byte	4
 851 0336 5F       		.byte	95
 852 0337 01       		.byte	1
 853 0338 60       		.byte	96
 854 0339 40       		.byte	64
 855 033a 62       		.byte	98
ARM GAS  C:\Users\cleme\AppData\Local\Temp\ccF2D0XD.s 			page 16


 856 033b C0       		.byte	-64
 857 033c 64       		.byte	100
 858 033d 40       		.byte	64
 859 033e 65       		.byte	101
 860 033f 40       		.byte	64
 861 0340 66       		.byte	102
 862 0341 C0       		.byte	-64
 863 0342 68       		.byte	104
 864 0343 C0       		.byte	-64
 865 0344 6A       		.byte	106
 866 0345 C0       		.byte	-64
 867 0346 6C       		.byte	108
 868 0347 C0       		.byte	-64
 869 0348 6E       		.byte	110
 870 0349 C0       		.byte	-64
 871 034a 83       		.byte	-125
 872 034b 03       		.byte	3
 873 034c 8A       		.byte	-118
 874 034d 02       		.byte	2
 875 034e 8B       		.byte	-117
 876 034f 02       		.byte	2
 877 0350 9E       		.byte	-98
 878 0351 04       		.byte	4
 879 0352 A6       		.byte	-90
 880 0353 02       		.byte	2
 881 0354 AD       		.byte	-83
 882 0355 01       		.byte	1
 883 0356 AE       		.byte	-82
 884 0357 01       		.byte	1
 885 0358 B0       		.byte	-80
 886 0359 04       		.byte	4
 887 035a B2       		.byte	-78
 888 035b 01       		.byte	1
 889 035c B3       		.byte	-77
 890 035d 02       		.byte	2
 891 035e B4       		.byte	-76
 892 035f 02       		.byte	2
 893 0360 B7       		.byte	-73
 894 0361 01       		.byte	1
 895 0362 BE       		.byte	-66
 896 0363 10       		.byte	16
 897 0364 C0       		.byte	-64
 898 0365 30       		.byte	48
 899 0366 C1       		.byte	-63
 900 0367 02       		.byte	2
 901 0368 C5       		.byte	-59
 902 0369 D0       		.byte	-48
 903 036a C6       		.byte	-58
 904 036b 20       		.byte	32
 905 036c C7       		.byte	-57
 906 036d 10       		.byte	16
 907 036e C8       		.byte	-56
 908 036f 2A       		.byte	42
 909 0370 C9       		.byte	-55
 910 0371 FF       		.byte	-1
 911 0372 CA       		.byte	-54
 912 0373 FF       		.byte	-1
ARM GAS  C:\Users\cleme\AppData\Local\Temp\ccF2D0XD.s 			page 17


 913 0374 CB       		.byte	-53
 914 0375 FF       		.byte	-1
 915 0376 CD       		.byte	-51
 916 0377 AF       		.byte	-81
 917 0378 CE       		.byte	-50
 918 0379 0F       		.byte	15
 919 037a CF       		.byte	-49
 920 037b 04       		.byte	4
 921 037c D0       		.byte	-48
 922 037d 18       		.byte	24
 923 037e D2       		.byte	-46
 924 037f 80       		.byte	-128
 925 0380 D4       		.byte	-44
 926 0381 05       		.byte	5
 927 0382 D8       		.byte	-40
 928 0383 04       		.byte	4
 929 0384 D9       		.byte	-39
 930 0385 04       		.byte	4
 931 0386 DA       		.byte	-38
 932 0387 04       		.byte	4
 933 0388 DB       		.byte	-37
 934 0389 04       		.byte	4
 935 038a DF       		.byte	-33
 936 038b 01       		.byte	1
 937 038c E0       		.byte	-32
 938 038d 40       		.byte	64
 939 038e E2       		.byte	-30
 940 038f C0       		.byte	-64
 941 0390 E4       		.byte	-28
 942 0391 40       		.byte	64
 943 0392 E5       		.byte	-27
 944 0393 40       		.byte	64
 945 0394 E6       		.byte	-26
 946 0395 C0       		.byte	-64
 947 0396 E8       		.byte	-24
 948 0397 C0       		.byte	-64
 949 0398 EA       		.byte	-22
 950 0399 C0       		.byte	-64
 951 039a EC       		.byte	-20
 952 039b C0       		.byte	-64
 953 039c EE       		.byte	-18
 954 039d C0       		.byte	-64
 955 039e 04       		.byte	4
 956 039f 10       		.byte	16
 957 03a0 0F       		.byte	15
 958 03a1 02       		.byte	2
 959 03a2 16       		.byte	22
 960 03a3 20       		.byte	32
 961 03a4 17       		.byte	23
 962 03a5 40       		.byte	64
 963 03a6 18       		.byte	24
 964 03a7 01       		.byte	1
 965 03a8 1A       		.byte	26
 966 03a9 01       		.byte	1
 967 03aa 1C       		.byte	28
 968 03ab 10       		.byte	16
 969 03ac 1D       		.byte	29
ARM GAS  C:\Users\cleme\AppData\Local\Temp\ccF2D0XD.s 			page 18


 970 03ad 08       		.byte	8
 971 03ae 1E       		.byte	30
 972 03af 08       		.byte	8
 973 03b0 1F       		.byte	31
 974 03b1 01       		.byte	1
 975 03b2 25       		.byte	37
 976 03b3 04       		.byte	4
 977 03b4 26       		.byte	38
 978 03b5 40       		.byte	64
 979 03b6 2F       		.byte	47
 980 03b7 01       		.byte	1
 981 03b8 3C       		.byte	60
 982 03b9 10       		.byte	16
 983 03ba 3F       		.byte	63
 984 03bb 02       		.byte	2
 985 03bc 40       		.byte	64
 986 03bd 10       		.byte	16
 987 03be 41       		.byte	65
 988 03bf 20       		.byte	32
 989 03c0 45       		.byte	69
 990 03c1 28       		.byte	40
 991 03c2 4F       		.byte	79
 992 03c3 01       		.byte	1
 993 03c4 55       		.byte	85
 994 03c5 20       		.byte	32
 995 03c6 56       		.byte	86
 996 03c7 20       		.byte	32
 997 03c8 57       		.byte	87
 998 03c9 01       		.byte	1
 999 03ca 5E       		.byte	94
 1000 03cb 88       		.byte	-120
 1001 03cc 5F       		.byte	95
 1002 03cd 01       		.byte	1
 1003 03ce 77       		.byte	119
 1004 03cf 40       		.byte	64
 1005 03d0 81       		.byte	-127
 1006 03d1 04       		.byte	4
 1007 03d2 86       		.byte	-122
 1008 03d3 01       		.byte	1
 1009 03d4 8C       		.byte	-116
 1010 03d5 01       		.byte	1
 1011 03d6 AF       		.byte	-81
 1012 03d7 10       		.byte	16
 1013 03d8 B5       		.byte	-75
 1014 03d9 20       		.byte	32
 1015 03da C0       		.byte	-64
 1016 03db 40       		.byte	64
 1017 03dc C2       		.byte	-62
 1018 03dd 80       		.byte	-128
 1019 03de C4       		.byte	-60
 1020 03df A0       		.byte	-96
 1021 03e0 CA       		.byte	-54
 1022 03e1 10       		.byte	16
 1023 03e2 CE       		.byte	-50
 1024 03e3 A0       		.byte	-96
 1025 03e4 D0       		.byte	-48
 1026 03e5 66       		.byte	102
ARM GAS  C:\Users\cleme\AppData\Local\Temp\ccF2D0XD.s 			page 19


 1027 03e6 D6       		.byte	-42
 1028 03e7 D0       		.byte	-48
 1029 03e8 E8       		.byte	-24
 1030 03e9 20       		.byte	32
 1031 03ea 16       		.byte	22
 1032 03eb 01       		.byte	1
 1033 03ec 1A       		.byte	26
 1034 03ed 01       		.byte	1
 1035 03ee 34       		.byte	52
 1036 03ef 01       		.byte	1
 1037 03f0 40       		.byte	64
 1038 03f1 60       		.byte	96
 1039 03f2 41       		.byte	65
 1040 03f3 02       		.byte	2
 1041 03f4 49       		.byte	73
 1042 03f5 FF       		.byte	-1
 1043 03f6 4A       		.byte	74
 1044 03f7 FF       		.byte	-1
 1045 03f8 4B       		.byte	75
 1046 03f9 FF       		.byte	-1
 1047 03fa 4D       		.byte	77
 1048 03fb A0       		.byte	-96
 1049 03fc 4F       		.byte	79
 1050 03fd 04       		.byte	4
 1051 03fe 50       		.byte	80
 1052 03ff 18       		.byte	24
 1053 0400 58       		.byte	88
 1054 0401 04       		.byte	4
 1055 0402 5A       		.byte	90
 1056 0403 04       		.byte	4
 1057 0404 5C       		.byte	92
 1058 0405 02       		.byte	2
 1059 0406 5D       		.byte	93
 1060 0407 02       		.byte	2
 1061 0408 5F       		.byte	95
 1062 0409 01       		.byte	1
 1063 040a 60       		.byte	96
 1064 040b 40       		.byte	64
 1065 040c 62       		.byte	98
 1066 040d C0       		.byte	-64
 1067 040e 64       		.byte	100
 1068 040f 40       		.byte	64
 1069 0410 65       		.byte	101
 1070 0411 40       		.byte	64
 1071 0412 66       		.byte	102
 1072 0413 C0       		.byte	-64
 1073 0414 68       		.byte	104
 1074 0415 C0       		.byte	-64
 1075 0416 6A       		.byte	106
 1076 0417 C0       		.byte	-64
 1077 0418 6C       		.byte	108
 1078 0419 C0       		.byte	-64
 1079 041a 6E       		.byte	110
 1080 041b C0       		.byte	-64
 1081 041c 86       		.byte	-122
 1082 041d 02       		.byte	2
 1083 041e 91       		.byte	-111
ARM GAS  C:\Users\cleme\AppData\Local\Temp\ccF2D0XD.s 			page 20


 1084 041f 02       		.byte	2
 1085 0420 92       		.byte	-110
 1086 0421 01       		.byte	1
 1087 0422 9B       		.byte	-101
 1088 0423 01       		.byte	1
 1089 0424 A6       		.byte	-90
 1090 0425 04       		.byte	4
 1091 0426 AA       		.byte	-86
 1092 0427 02       		.byte	2
 1093 0428 AD       		.byte	-83
 1094 0429 01       		.byte	1
 1095 042a B0       		.byte	-80
 1096 042b 02       		.byte	2
 1097 042c B1       		.byte	-79
 1098 042d 01       		.byte	1
 1099 042e B4       		.byte	-76
 1100 042f 01       		.byte	1
 1101 0430 B5       		.byte	-75
 1102 0431 02       		.byte	2
 1103 0432 B6       		.byte	-74
 1104 0433 04       		.byte	4
 1105 0434 BE       		.byte	-66
 1106 0435 01       		.byte	1
 1107 0436 BF       		.byte	-65
 1108 0437 10       		.byte	16
 1109 0438 C0       		.byte	-64
 1110 0439 20       		.byte	32
 1111 043a C1       		.byte	-63
 1112 043b 06       		.byte	6
 1113 043c C5       		.byte	-59
 1114 043d D1       		.byte	-47
 1115 043e C7       		.byte	-57
 1116 043f 02       		.byte	2
 1117 0440 C8       		.byte	-56
 1118 0441 13       		.byte	19
 1119 0442 C9       		.byte	-55
 1120 0443 FF       		.byte	-1
 1121 0444 CA       		.byte	-54
 1122 0445 FF       		.byte	-1
 1123 0446 CB       		.byte	-53
 1124 0447 FF       		.byte	-1
 1125 0448 CD       		.byte	-51
 1126 0449 AF       		.byte	-81
 1127 044a CE       		.byte	-50
 1128 044b 0F       		.byte	15
 1129 044c CF       		.byte	-49
 1130 044d 04       		.byte	4
 1131 044e D0       		.byte	-48
 1132 044f 18       		.byte	24
 1133 0450 D2       		.byte	-46
 1134 0451 80       		.byte	-128
 1135 0452 D4       		.byte	-44
 1136 0453 05       		.byte	5
 1137 0454 D8       		.byte	-40
 1138 0455 04       		.byte	4
 1139 0456 D9       		.byte	-39
 1140 0457 04       		.byte	4
ARM GAS  C:\Users\cleme\AppData\Local\Temp\ccF2D0XD.s 			page 21


 1141 0458 DA       		.byte	-38
 1142 0459 04       		.byte	4
 1143 045a DB       		.byte	-37
 1144 045b 04       		.byte	4
 1145 045c DC       		.byte	-36
 1146 045d 22       		.byte	34
 1147 045e DD       		.byte	-35
 1148 045f 22       		.byte	34
 1149 0460 DF       		.byte	-33
 1150 0461 01       		.byte	1
 1151 0462 E0       		.byte	-32
 1152 0463 40       		.byte	64
 1153 0464 E2       		.byte	-30
 1154 0465 C0       		.byte	-64
 1155 0466 E4       		.byte	-28
 1156 0467 40       		.byte	64
 1157 0468 E5       		.byte	-27
 1158 0469 40       		.byte	64
 1159 046a E6       		.byte	-26
 1160 046b C0       		.byte	-64
 1161 046c E8       		.byte	-24
 1162 046d C0       		.byte	-64
 1163 046e EA       		.byte	-22
 1164 046f C0       		.byte	-64
 1165 0470 EC       		.byte	-20
 1166 0471 C0       		.byte	-64
 1167 0472 EE       		.byte	-18
 1168 0473 C0       		.byte	-64
 1169 0474 00       		.byte	0
 1170 0475 04       		.byte	4
 1171 0476 09       		.byte	9
 1172 0477 02       		.byte	2
 1173 0478 0C       		.byte	12
 1174 0479 20       		.byte	32
 1175 047a 0F       		.byte	15
 1176 047b 20       		.byte	32
 1177 047c 10       		.byte	16
 1178 047d 20       		.byte	32
 1179 047e 12       		.byte	18
 1180 047f 04       		.byte	4
 1181 0480 18       		.byte	24
 1182 0481 44       		.byte	68
 1183 0482 19       		.byte	25
 1184 0483 40       		.byte	64
 1185 0484 1B       		.byte	27
 1186 0485 10       		.byte	16
 1187 0486 1F       		.byte	31
 1188 0487 10       		.byte	16
 1189 0488 21       		.byte	33
 1190 0489 20       		.byte	32
 1191 048a 23       		.byte	35
 1192 048b 80       		.byte	-128
 1193 048c 29       		.byte	41
 1194 048d 40       		.byte	64
 1195 048e 30       		.byte	48
 1196 048f 20       		.byte	32
 1197 0490 33       		.byte	51
ARM GAS  C:\Users\cleme\AppData\Local\Temp\ccF2D0XD.s 			page 22


 1198 0491 02       		.byte	2
 1199 0492 40       		.byte	64
 1200 0493 04       		.byte	4
 1201 0494 46       		.byte	70
 1202 0495 04       		.byte	4
 1203 0496 48       		.byte	72
 1204 0497 28       		.byte	40
 1205 0498 49       		.byte	73
 1206 0499 01       		.byte	1
 1207 049a 4F       		.byte	79
 1208 049b 20       		.byte	32
 1209 049c 50       		.byte	80
 1210 049d 08       		.byte	8
 1211 049e 52       		.byte	82
 1212 049f 04       		.byte	4
 1213 04a0 58       		.byte	88
 1214 04a1 08       		.byte	8
 1215 04a2 59       		.byte	89
 1216 04a3 01       		.byte	1
 1217 04a4 5B       		.byte	91
 1218 04a5 80       		.byte	-128
 1219 04a6 71       		.byte	113
 1220 04a7 02       		.byte	2
 1221 04a8 80       		.byte	-128
 1222 04a9 48       		.byte	72
 1223 04aa A3       		.byte	-93
 1224 04ab 02       		.byte	2
 1225 04ac C0       		.byte	-64
 1226 04ad 04       		.byte	4
 1227 04ae C2       		.byte	-62
 1228 04af 68       		.byte	104
 1229 04b0 C4       		.byte	-60
 1230 04b1 06       		.byte	6
 1231 04b2 CA       		.byte	-54
 1232 04b3 08       		.byte	8
 1233 04b4 CC       		.byte	-52
 1234 04b5 05       		.byte	5
 1235 04b6 D0       		.byte	-48
 1236 04b7 24       		.byte	36
 1237 04b8 D2       		.byte	-46
 1238 04b9 24       		.byte	36
 1239 04ba D6       		.byte	-42
 1240 04bb 0B       		.byte	11
 1241 04bc E4       		.byte	-28
 1242 04bd 10       		.byte	16
 1243 04be E8       		.byte	-24
 1244 04bf 20       		.byte	32
 1245 04c0 EC       		.byte	-20
 1246 04c1 40       		.byte	64
 1247 04c2 32       		.byte	50
 1248 04c3 20       		.byte	32
 1249 04c4 CC       		.byte	-52
 1250 04c5 10       		.byte	16
 1251 04c6 86       		.byte	-122
 1252 04c7 20       		.byte	32
 1253 04c8 A6       		.byte	-90
 1254 04c9 20       		.byte	32
ARM GAS  C:\Users\cleme\AppData\Local\Temp\ccF2D0XD.s 			page 23


 1255 04ca E6       		.byte	-26
 1256 04cb 40       		.byte	64
 1257 04cc 7C       		.byte	124
 1258 04cd 01       		.byte	1
 1259 04ce DE       		.byte	-34
 1260 04cf 01       		.byte	1
 1261 04d0 0D       		.byte	13
 1262 04d1 10       		.byte	16
 1263 04d2 94       		.byte	-108
 1264 04d3 01       		.byte	1
 1265 04d4 C2       		.byte	-62
 1266 04d5 01       		.byte	1
 1267 04d6 44       		.byte	68
 1268 04d7 10       		.byte	16
 1269 04d8 94       		.byte	-108
 1270 04d9 01       		.byte	1
 1271 04da B1       		.byte	-79
 1272 04db 10       		.byte	16
 1273 04dc D0       		.byte	-48
 1274 04dd 01       		.byte	1
 1275 04de EE       		.byte	-18
 1276 04df 04       		.byte	4
 1277 04e0 94       		.byte	-108
 1278 04e1 01       		.byte	1
 1279 04e2 9C       		.byte	-100
 1280 04e3 10       		.byte	16
 1281 04e4 21       		.byte	33
 1282 04e5 01       		.byte	1
 1283 04e6 51       		.byte	81
 1284 04e7 20       		.byte	32
 1285 04e8 58       		.byte	88
 1286 04e9 10       		.byte	16
 1287 04ea 67       		.byte	103
 1288 04eb 10       		.byte	16
 1289 04ec C8       		.byte	-56
 1290 04ed 40       		.byte	64
 1291 04ee D4       		.byte	-44
 1292 04ef A0       		.byte	-96
 1293 04f0 D8       		.byte	-40
 1294 04f1 80       		.byte	-128
 1295 04f2 81       		.byte	-127
 1296 04f3 20       		.byte	32
 1297 04f4 87       		.byte	-121
 1298 04f5 10       		.byte	16
 1299 04f6 97       		.byte	-105
 1300 04f7 10       		.byte	16
 1301 04f8 A5       		.byte	-91
 1302 04f9 20       		.byte	32
 1303 04fa AC       		.byte	-84
 1304 04fb 10       		.byte	16
 1305 04fc B1       		.byte	-79
 1306 04fd 01       		.byte	1
 1307 04fe E2       		.byte	-30
 1308 04ff 30       		.byte	48
 1309 0500 EE       		.byte	-18
 1310 0501 40       		.byte	64
 1311 0502 5B       		.byte	91
ARM GAS  C:\Users\cleme\AppData\Local\Temp\ccF2D0XD.s 			page 24


 1312 0503 10       		.byte	16
 1313 0504 94       		.byte	-108
 1314 0505 01       		.byte	1
 1315 0506 9C       		.byte	-100
 1316 0507 10       		.byte	16
 1317 0508 D4       		.byte	-44
 1318 0509 01       		.byte	1
 1319 050a 8C       		.byte	-116
 1320 050b 01       		.byte	1
 1321 050c 94       		.byte	-108
 1322 050d 01       		.byte	1
 1323 050e B0       		.byte	-80
 1324 050f 10       		.byte	16
 1325 0510 B7       		.byte	-73
 1326 0511 10       		.byte	16
 1327 0512 E4       		.byte	-28
 1328 0513 08       		.byte	8
 1329 0514 E8       		.byte	-24
 1330 0515 04       		.byte	4
 1331 0516 EC       		.byte	-20
 1332 0517 02       		.byte	2
 1333 0518 00       		.byte	0
 1334 0519 08       		.byte	8
 1335 051a 0C       		.byte	12
 1336 051b 08       		.byte	8
 1337 051c 0E       		.byte	14
 1338 051d 08       		.byte	8
 1339 051e 10       		.byte	16
 1340 051f 05       		.byte	5
 1341 0520 1A       		.byte	26
 1342 0521 05       		.byte	5
 1343 0522 00       		.byte	0
 1344 0523 03       		.byte	3
 1345 0524 0F       		.byte	15
 1346 0525 04       		.byte	4
 1347 0526 00       		.byte	0
 1348 0527 00       		.byte	0
 1349 0528 0D       		.byte	13
 1350 0529 08       		.byte	8
 1351 052a 02       		.byte	2
 1352 052b 00       		.byte	0
 1353 052c 03       		.byte	3
 1354 052d 08       		.byte	8
 1355 052e 0C       		.byte	12
 1356 052f 00       		.byte	0
 1357 0530 00       		.byte	0
 1358 0531 00       		.byte	0
 1359 0532 00       		.byte	0
 1360 0533 01       		.byte	1
 1361 0534 00       		.byte	0
 1362 0535 08       		.byte	8
 1363 0536 02       		.byte	2
 1364 0537 00       		.byte	0
 1365 0538 00       		.byte	0
 1366 0539 01       		.byte	1
 1367 053a 10       		.byte	16
 1368 053b 06       		.byte	6
ARM GAS  C:\Users\cleme\AppData\Local\Temp\ccF2D0XD.s 			page 25


 1369 053c 00       		.byte	0
 1370 053d 07       		.byte	7
 1371 053e 10       		.byte	16
 1372 053f 00       		.byte	0
 1373 0540 0D       		.byte	13
 1374 0541 00       		.byte	0
 1375 0542 02       		.byte	2
 1376 0543 00       		.byte	0
 1377 0544 00       		.byte	0
 1378 0545 06       		.byte	6
 1379 0546 00       		.byte	0
 1380 0547 01       		.byte	1
 1381 0548 04       		.byte	4
 1382 0549 02       		.byte	2
 1383 054a 00       		.byte	0
 1384 054b 00       		.byte	0
 1385 054c 0C       		.byte	12
 1386 054d 06       		.byte	6
 1387 054e 00       		.byte	0
 1388 054f 00       		.byte	0
 1389 0550 08       		.byte	8
 1390 0551 07       		.byte	7
 1391 0552 00       		.byte	0
 1392 0553 00       		.byte	0
 1393 0554 10       		.byte	16
 1394 0555 08       		.byte	8
 1395 0556 00       		.byte	0
 1396 0557 00       		.byte	0
 1397 0558 01       		.byte	1
 1398 0559 07       		.byte	7
 1399 055a 0E       		.byte	14
 1400 055b 00       		.byte	0
 1401 055c 00       		.byte	0
 1402 055d 00       		.byte	0
 1403 055e 80       		.byte	-128
 1404 055f 00       		.byte	0
 1405 0560 00       		.byte	0
 1406 0561 00       		.byte	0
 1407 0562 11       		.byte	17
 1408 0563 00       		.byte	0
 1409 0564 25       		.byte	37
 1410 0565 04       		.byte	4
 1411 0566 03       		.byte	3
 1412 0567 00       		.byte	0
 1413 0568 01       		.byte	1
 1414 0569 0C       		.byte	12
 1415 056a 0E       		.byte	14
 1416 056b 00       		.byte	0
 1417 056c 05       		.byte	5
 1418 056d FF       		.byte	-1
 1419 056e FF       		.byte	-1
 1420 056f FF       		.byte	-1
 1421 0570 62       		.byte	98
 1422 0571 A0       		.byte	-96
 1423 0572 F0       		.byte	-16
 1424 0573 41       		.byte	65
 1425 0574 0C       		.byte	12
ARM GAS  C:\Users\cleme\AppData\Local\Temp\ccF2D0XD.s 			page 26


 1426 0575 00       		.byte	0
 1427 0576 00       		.byte	0
 1428 0577 00       		.byte	0
 1429 0578 00       		.byte	0
 1430 0579 00       		.byte	0
 1431 057a 02       		.byte	2
 1432 057b 12       		.byte	18
 1433 057c 04       		.byte	4
 1434 057d 04       		.byte	4
 1435 057e 04       		.byte	4
 1436 057f 04       		.byte	4
 1437 0580 33       		.byte	51
 1438 0581 33       		.byte	51
 1439 0582 00       		.byte	0
 1440 0583 01       		.byte	1
 1441 0584 00       		.byte	0
 1442 0585 00       		.byte	0
 1443 0586 00       		.byte	0
 1444 0587 00       		.byte	0
 1445 0588 00       		.byte	0
 1446 0589 00       		.byte	0
 1447 058a 40       		.byte	64
 1448 058b 02       		.byte	2
 1449 058c 00       		.byte	0
 1450 058d 10       		.byte	16
 1451 058e 30       		.byte	48
 1452 058f 10       		.byte	16
 1453 0590 00       		.byte	0
 1454 0591 10       		.byte	16
 1455 0592 10       		.byte	16
 1456 0593 12       		.byte	18
 1457 0594 00       		.byte	0
 1458 0595 00       		.byte	0
 1459 0596 00       		.byte	0
 1460 0597 00       		.byte	0
 1461 0598 00       		.byte	0
 1462 0599 00       		.byte	0
 1463 059a 00       		.byte	0
 1464 059b 00       		.byte	0
 1465 059c 00       		.byte	0
 1466 059d 00       		.byte	0
 1467 059e 00       		.byte	0
 1468 059f 00       		.byte	0
 1469 05a0 00       		.byte	0
 1470 05a1 00       		.byte	0
 1471 05a2 00       		.byte	0
 1472 05a3 00       		.byte	0
 1473 05a4 1C       		.byte	28
 1474 05a5 00       		.byte	0
 1475 05a6 00       		.byte	0
 1476 05a7 7F       		.byte	127
 1477 05a8 63       		.byte	99
 1478 05a9 00       		.byte	0
 1479 05aa 00       		.byte	0
 1480 05ab 00       		.byte	0
 1481 05ac 80       		.byte	-128
 1482 05ad 00       		.byte	0
ARM GAS  C:\Users\cleme\AppData\Local\Temp\ccF2D0XD.s 			page 27


 1483 05ae 00       		.byte	0
 1484 05af 00       		.byte	0
 1485 05b0 3C       		.byte	60
 1486 05b1 00       		.byte	0
 1487 05b2 00       		.byte	0
 1488 05b3 00       		.byte	0
 1489 05b4 00       		.byte	0
 1490 05b5 00       		.byte	0
 1491 05b6 00       		.byte	0
 1492 05b7 00       		.byte	0
 1493 05b8 00       		.byte	0
 1494 05b9 0C       		.byte	12
 1495 05ba 0C       		.byte	12
 1496 05bb 00       		.byte	0
 1497 05bc 0C       		.byte	12
 1498 05bd 00       		.byte	0
 1499 05be 20       		.byte	32
 1500 05bf 00       		.byte	0
 1501 05c0 14       		.byte	20
 1502 05c1 00       		.byte	0
 1503 05c2 00       		.byte	0
 1504 05c3 1F       		.byte	31
 1505 05c4 EF       		.byte	-17
 1506 05c5 00       		.byte	0
 1507 05c6 04       		.byte	4
 1508 05c7 00       		.byte	0
 1509 05c8 00       		.byte	0
 1510 05c9 00       		.byte	0
 1511 05ca 00       		.byte	0
 1512 05cb 00       		.byte	0
 1513 05cc 80       		.byte	-128
 1514 05cd 7F       		.byte	127
 1515 05ce 7F       		.byte	127
 1516 05cf 00       		.byte	0
 1517 05d0 00       		.byte	0
 1518 05d1 00       		.byte	0
 1519 05d2 00       		.byte	0
 1520 05d3 00       		.byte	0
 1521 05d4 25       		.byte	37
 1522 05d5 00       		.byte	0
 1523 05d6 18       		.byte	24
 1524 05d7 01       		.byte	1
 1525              		.section	.cywolatch,"a",%progbits
 1526              		.align	2
 1527              		.type	cy_meta_wonvl, %object
 1528              		.size	cy_meta_wonvl, 4
 1529              	cy_meta_wonvl:
 1530 0000 BC       		.byte	-68
 1531 0001 90       		.byte	-112
 1532 0002 AC       		.byte	-84
 1533 0003 AF       		.byte	-81
 1534              		.section	.cycustnvl,"a",%progbits
 1535              		.align	2
 1536              		.type	cy_meta_custnvl, %object
 1537              		.size	cy_meta_custnvl, 4
 1538              	cy_meta_custnvl:
 1539 0000 00       		.byte	0
ARM GAS  C:\Users\cleme\AppData\Local\Temp\ccF2D0XD.s 			page 28


 1540 0001 00       		.byte	0
 1541 0002 40       		.byte	64
 1542 0003 05       		.byte	5
 1543              		.section	.cymeta,"a",%progbits
 1544              		.align	2
 1545              		.type	cy_metadata, %object
 1546              		.size	cy_metadata, 12
 1547              	cy_metadata:
 1548 0000 00       		.byte	0
 1549 0001 01       		.byte	1
 1550 0002 2E       		.byte	46
 1551 0003 16       		.byte	22
 1552 0004 10       		.byte	16
 1553 0005 69       		.byte	105
 1554 0006 00       		.byte	0
 1555 0007 01       		.byte	1
 1556 0008 00       		.byte	0
 1557 0009 00       		.byte	0
 1558 000a 00       		.byte	0
 1559 000b 00       		.byte	0
 1560              		.section	.cyflashprotect,"a",%progbits
 1561              		.align	2
 1562              		.type	cy_meta_flashprotect, %object
 1563              		.size	cy_meta_flashprotect, 256
 1564              	cy_meta_flashprotect:
 1565 0000 00000000 		.space	256
 1565      00000000 
 1565      00000000 
 1565      00000000 
 1565      00000000 
 1566              		.text
 1567              	.Letext0:
 1568              		.file 1 "c:\\program files (x86)\\cypress\\psoc creator\\4.4\\psoc creator\\import\\gnu\\arm\\5.4.
 1569              		.file 2 "c:\\program files (x86)\\cypress\\psoc creator\\4.4\\psoc creator\\import\\gnu\\arm\\5.4.
 1570              		.file 3 "Generated_Source\\PSoC5\\cymetadata.c"
 1571              		.section	.debug_info,"",%progbits
 1572              	.Ldebug_info0:
 1573 0000 33010000 		.4byte	0x133
 1574 0004 0400     		.2byte	0x4
 1575 0006 00000000 		.4byte	.Ldebug_abbrev0
 1576 000a 04       		.byte	0x4
 1577 000b 01       		.uleb128 0x1
 1578 000c 24000000 		.4byte	.LASF17
 1579 0010 0C       		.byte	0xc
 1580 0011 D4010000 		.4byte	.LASF18
 1581 0015 69010000 		.4byte	.LASF19
 1582 0019 00000000 		.4byte	.Ldebug_line0
 1583 001d 02       		.uleb128 0x2
 1584 001e 01       		.byte	0x1
 1585 001f 06       		.byte	0x6
 1586 0020 C8010000 		.4byte	.LASF0
 1587 0024 03       		.uleb128 0x3
 1588 0025 00000000 		.4byte	.LASF9
 1589 0029 01       		.byte	0x1
 1590 002a 1D       		.byte	0x1d
 1591 002b 2F000000 		.4byte	0x2f
 1592 002f 02       		.uleb128 0x2
ARM GAS  C:\Users\cleme\AppData\Local\Temp\ccF2D0XD.s 			page 29


 1593 0030 01       		.byte	0x1
 1594 0031 08       		.byte	0x8
 1595 0032 16000000 		.4byte	.LASF1
 1596 0036 02       		.uleb128 0x2
 1597 0037 02       		.byte	0x2
 1598 0038 05       		.byte	0x5
 1599 0039 5F010000 		.4byte	.LASF2
 1600 003d 02       		.uleb128 0x2
 1601 003e 02       		.byte	0x2
 1602 003f 07       		.byte	0x7
 1603 0040 C4000000 		.4byte	.LASF3
 1604 0044 02       		.uleb128 0x2
 1605 0045 04       		.byte	0x4
 1606 0046 05       		.byte	0x5
 1607 0047 BF010000 		.4byte	.LASF4
 1608 004b 02       		.uleb128 0x2
 1609 004c 04       		.byte	0x4
 1610 004d 07       		.byte	0x7
 1611 004e B2000000 		.4byte	.LASF5
 1612 0052 02       		.uleb128 0x2
 1613 0053 08       		.byte	0x8
 1614 0054 05       		.byte	0x5
 1615 0055 51010000 		.4byte	.LASF6
 1616 0059 02       		.uleb128 0x2
 1617 005a 08       		.byte	0x8
 1618 005b 07       		.byte	0x7
 1619 005c 06010000 		.4byte	.LASF7
 1620 0060 04       		.uleb128 0x4
 1621 0061 04       		.byte	0x4
 1622 0062 05       		.byte	0x5
 1623 0063 696E7400 		.ascii	"int\000"
 1624 0067 02       		.uleb128 0x2
 1625 0068 04       		.byte	0x4
 1626 0069 07       		.byte	0x7
 1627 006a F9000000 		.4byte	.LASF8
 1628 006e 03       		.uleb128 0x3
 1629 006f 1D010000 		.4byte	.LASF10
 1630 0073 02       		.byte	0x2
 1631 0074 18       		.byte	0x18
 1632 0075 24000000 		.4byte	0x24
 1633 0079 05       		.uleb128 0x5
 1634 007a 91000000 		.4byte	0x91
 1635 007e 8A000000 		.4byte	0x8a
 1636 0082 06       		.uleb128 0x6
 1637 0083 8A000000 		.4byte	0x8a
 1638 0087 D705     		.2byte	0x5d7
 1639 0089 00       		.byte	0
 1640 008a 02       		.uleb128 0x2
 1641 008b 04       		.byte	0x4
 1642 008c 07       		.byte	0x7
 1643 008d 48010000 		.4byte	.LASF11
 1644 0091 07       		.uleb128 0x7
 1645 0092 6E000000 		.4byte	0x6e
 1646 0096 08       		.uleb128 0x8
 1647 0097 E7000000 		.4byte	.LASF12
 1648 009b 03       		.byte	0x3
 1649 009c 1F       		.byte	0x1f
ARM GAS  C:\Users\cleme\AppData\Local\Temp\ccF2D0XD.s 			page 30


 1650 009d A7000000 		.4byte	0xa7
 1651 00a1 05       		.uleb128 0x5
 1652 00a2 03       		.byte	0x3
 1653 00a3 00000000 		.4byte	cy_meta_configecc
 1654 00a7 07       		.uleb128 0x7
 1655 00a8 79000000 		.4byte	0x79
 1656 00ac 05       		.uleb128 0x5
 1657 00ad 91000000 		.4byte	0x91
 1658 00b1 BC000000 		.4byte	0xbc
 1659 00b5 09       		.uleb128 0x9
 1660 00b6 8A000000 		.4byte	0x8a
 1661 00ba 03       		.byte	0x3
 1662 00bb 00       		.byte	0
 1663 00bc 08       		.uleb128 0x8
 1664 00bd D7000000 		.4byte	.LASF13
 1665 00c1 03       		.byte	0x3
 1666 00c2 E7       		.byte	0xe7
 1667 00c3 CD000000 		.4byte	0xcd
 1668 00c7 05       		.uleb128 0x5
 1669 00c8 03       		.byte	0x3
 1670 00c9 00000000 		.4byte	cy_meta_custnvl
 1671 00cd 07       		.uleb128 0x7
 1672 00ce AC000000 		.4byte	0xac
 1673 00d2 08       		.uleb128 0x8
 1674 00d3 3A010000 		.4byte	.LASF14
 1675 00d7 03       		.byte	0x3
 1676 00d8 F5       		.byte	0xf5
 1677 00d9 E3000000 		.4byte	0xe3
 1678 00dd 05       		.uleb128 0x5
 1679 00de 03       		.byte	0x3
 1680 00df 00000000 		.4byte	cy_meta_wonvl
 1681 00e3 07       		.uleb128 0x7
 1682 00e4 AC000000 		.4byte	0xac
 1683 00e8 05       		.uleb128 0x5
 1684 00e9 91000000 		.4byte	0x91
 1685 00ed F8000000 		.4byte	0xf8
 1686 00f1 09       		.uleb128 0x9
 1687 00f2 8A000000 		.4byte	0x8a
 1688 00f6 FF       		.byte	0xff
 1689 00f7 00       		.byte	0
 1690 00f8 0A       		.uleb128 0xa
 1691 00f9 25010000 		.4byte	.LASF15
 1692 00fd 03       		.byte	0x3
 1693 00fe 0301     		.2byte	0x103
 1694 0100 0A010000 		.4byte	0x10a
 1695 0104 05       		.uleb128 0x5
 1696 0105 03       		.byte	0x3
 1697 0106 00000000 		.4byte	cy_meta_flashprotect
 1698 010a 07       		.uleb128 0x7
 1699 010b E8000000 		.4byte	0xe8
 1700 010f 05       		.uleb128 0x5
 1701 0110 91000000 		.4byte	0x91
 1702 0114 1F010000 		.4byte	0x11f
 1703 0118 09       		.uleb128 0x9
 1704 0119 8A000000 		.4byte	0x8a
 1705 011d 0B       		.byte	0xb
 1706 011e 00       		.byte	0
ARM GAS  C:\Users\cleme\AppData\Local\Temp\ccF2D0XD.s 			page 31


 1707 011f 0A       		.uleb128 0xa
 1708 0120 0A000000 		.4byte	.LASF16
 1709 0124 03       		.byte	0x3
 1710 0125 3001     		.2byte	0x130
 1711 0127 31010000 		.4byte	0x131
 1712 012b 05       		.uleb128 0x5
 1713 012c 03       		.byte	0x3
 1714 012d 00000000 		.4byte	cy_metadata
 1715 0131 07       		.uleb128 0x7
 1716 0132 0F010000 		.4byte	0x10f
 1717 0136 00       		.byte	0
 1718              		.section	.debug_abbrev,"",%progbits
 1719              	.Ldebug_abbrev0:
 1720 0000 01       		.uleb128 0x1
 1721 0001 11       		.uleb128 0x11
 1722 0002 01       		.byte	0x1
 1723 0003 25       		.uleb128 0x25
 1724 0004 0E       		.uleb128 0xe
 1725 0005 13       		.uleb128 0x13
 1726 0006 0B       		.uleb128 0xb
 1727 0007 03       		.uleb128 0x3
 1728 0008 0E       		.uleb128 0xe
 1729 0009 1B       		.uleb128 0x1b
 1730 000a 0E       		.uleb128 0xe
 1731 000b 10       		.uleb128 0x10
 1732 000c 17       		.uleb128 0x17
 1733 000d 00       		.byte	0
 1734 000e 00       		.byte	0
 1735 000f 02       		.uleb128 0x2
 1736 0010 24       		.uleb128 0x24
 1737 0011 00       		.byte	0
 1738 0012 0B       		.uleb128 0xb
 1739 0013 0B       		.uleb128 0xb
 1740 0014 3E       		.uleb128 0x3e
 1741 0015 0B       		.uleb128 0xb
 1742 0016 03       		.uleb128 0x3
 1743 0017 0E       		.uleb128 0xe
 1744 0018 00       		.byte	0
 1745 0019 00       		.byte	0
 1746 001a 03       		.uleb128 0x3
 1747 001b 16       		.uleb128 0x16
 1748 001c 00       		.byte	0
 1749 001d 03       		.uleb128 0x3
 1750 001e 0E       		.uleb128 0xe
 1751 001f 3A       		.uleb128 0x3a
 1752 0020 0B       		.uleb128 0xb
 1753 0021 3B       		.uleb128 0x3b
 1754 0022 0B       		.uleb128 0xb
 1755 0023 49       		.uleb128 0x49
 1756 0024 13       		.uleb128 0x13
 1757 0025 00       		.byte	0
 1758 0026 00       		.byte	0
 1759 0027 04       		.uleb128 0x4
 1760 0028 24       		.uleb128 0x24
 1761 0029 00       		.byte	0
 1762 002a 0B       		.uleb128 0xb
 1763 002b 0B       		.uleb128 0xb
ARM GAS  C:\Users\cleme\AppData\Local\Temp\ccF2D0XD.s 			page 32


 1764 002c 3E       		.uleb128 0x3e
 1765 002d 0B       		.uleb128 0xb
 1766 002e 03       		.uleb128 0x3
 1767 002f 08       		.uleb128 0x8
 1768 0030 00       		.byte	0
 1769 0031 00       		.byte	0
 1770 0032 05       		.uleb128 0x5
 1771 0033 01       		.uleb128 0x1
 1772 0034 01       		.byte	0x1
 1773 0035 49       		.uleb128 0x49
 1774 0036 13       		.uleb128 0x13
 1775 0037 01       		.uleb128 0x1
 1776 0038 13       		.uleb128 0x13
 1777 0039 00       		.byte	0
 1778 003a 00       		.byte	0
 1779 003b 06       		.uleb128 0x6
 1780 003c 21       		.uleb128 0x21
 1781 003d 00       		.byte	0
 1782 003e 49       		.uleb128 0x49
 1783 003f 13       		.uleb128 0x13
 1784 0040 2F       		.uleb128 0x2f
 1785 0041 05       		.uleb128 0x5
 1786 0042 00       		.byte	0
 1787 0043 00       		.byte	0
 1788 0044 07       		.uleb128 0x7
 1789 0045 26       		.uleb128 0x26
 1790 0046 00       		.byte	0
 1791 0047 49       		.uleb128 0x49
 1792 0048 13       		.uleb128 0x13
 1793 0049 00       		.byte	0
 1794 004a 00       		.byte	0
 1795 004b 08       		.uleb128 0x8
 1796 004c 34       		.uleb128 0x34
 1797 004d 00       		.byte	0
 1798 004e 03       		.uleb128 0x3
 1799 004f 0E       		.uleb128 0xe
 1800 0050 3A       		.uleb128 0x3a
 1801 0051 0B       		.uleb128 0xb
 1802 0052 3B       		.uleb128 0x3b
 1803 0053 0B       		.uleb128 0xb
 1804 0054 49       		.uleb128 0x49
 1805 0055 13       		.uleb128 0x13
 1806 0056 3F       		.uleb128 0x3f
 1807 0057 19       		.uleb128 0x19
 1808 0058 02       		.uleb128 0x2
 1809 0059 18       		.uleb128 0x18
 1810 005a 00       		.byte	0
 1811 005b 00       		.byte	0
 1812 005c 09       		.uleb128 0x9
 1813 005d 21       		.uleb128 0x21
 1814 005e 00       		.byte	0
 1815 005f 49       		.uleb128 0x49
 1816 0060 13       		.uleb128 0x13
 1817 0061 2F       		.uleb128 0x2f
 1818 0062 0B       		.uleb128 0xb
 1819 0063 00       		.byte	0
 1820 0064 00       		.byte	0
ARM GAS  C:\Users\cleme\AppData\Local\Temp\ccF2D0XD.s 			page 33


 1821 0065 0A       		.uleb128 0xa
 1822 0066 34       		.uleb128 0x34
 1823 0067 00       		.byte	0
 1824 0068 03       		.uleb128 0x3
 1825 0069 0E       		.uleb128 0xe
 1826 006a 3A       		.uleb128 0x3a
 1827 006b 0B       		.uleb128 0xb
 1828 006c 3B       		.uleb128 0x3b
 1829 006d 05       		.uleb128 0x5
 1830 006e 49       		.uleb128 0x49
 1831 006f 13       		.uleb128 0x13
 1832 0070 3F       		.uleb128 0x3f
 1833 0071 19       		.uleb128 0x19
 1834 0072 02       		.uleb128 0x2
 1835 0073 18       		.uleb128 0x18
 1836 0074 00       		.byte	0
 1837 0075 00       		.byte	0
 1838 0076 00       		.byte	0
 1839              		.section	.debug_aranges,"",%progbits
 1840 0000 14000000 		.4byte	0x14
 1841 0004 0200     		.2byte	0x2
 1842 0006 00000000 		.4byte	.Ldebug_info0
 1843 000a 04       		.byte	0x4
 1844 000b 00       		.byte	0
 1845 000c 0000     		.2byte	0
 1846 000e 0000     		.2byte	0
 1847 0010 00000000 		.4byte	0
 1848 0014 00000000 		.4byte	0
 1849              		.section	.debug_line,"",%progbits
 1850              	.Ldebug_line0:
 1851 0000 3D010000 		.section	.debug_str,"MS",%progbits,1
 1851      02003701 
 1851      00000201 
 1851      FB0E0D00 
 1851      01010101 
 1852              	.LASF9:
 1853 0000 5F5F7569 		.ascii	"__uint8_t\000"
 1853      6E74385F 
 1853      7400
 1854              	.LASF16:
 1855 000a 63795F6D 		.ascii	"cy_metadata\000"
 1855      65746164 
 1855      61746100 
 1856              	.LASF1:
 1857 0016 756E7369 		.ascii	"unsigned char\000"
 1857      676E6564 
 1857      20636861 
 1857      7200
 1858              	.LASF17:
 1859 0024 474E5520 		.ascii	"GNU C11 5.4.1 20160609 (release) [ARM/embedded-5-br"
 1859      43313120 
 1859      352E342E 
 1859      31203230 
 1859      31363036 
 1860 0057 616E6368 		.ascii	"anch revision 237715] -mcpu=cortex-m3 -mthumb -g -O"
 1860      20726576 
 1860      6973696F 
ARM GAS  C:\Users\cleme\AppData\Local\Temp\ccF2D0XD.s 			page 34


 1860      6E203233 
 1860      37373135 
 1861 008a 67202D66 		.ascii	"g -ffunction-sections -ffat-lto-objects\000"
 1861      66756E63 
 1861      74696F6E 
 1861      2D736563 
 1861      74696F6E 
 1862              	.LASF5:
 1863 00b2 6C6F6E67 		.ascii	"long unsigned int\000"
 1863      20756E73 
 1863      69676E65 
 1863      6420696E 
 1863      7400
 1864              	.LASF3:
 1865 00c4 73686F72 		.ascii	"short unsigned int\000"
 1865      7420756E 
 1865      7369676E 
 1865      65642069 
 1865      6E7400
 1866              	.LASF13:
 1867 00d7 63795F6D 		.ascii	"cy_meta_custnvl\000"
 1867      6574615F 
 1867      63757374 
 1867      6E766C00 
 1868              	.LASF12:
 1869 00e7 63795F6D 		.ascii	"cy_meta_configecc\000"
 1869      6574615F 
 1869      636F6E66 
 1869      69676563 
 1869      6300
 1870              	.LASF8:
 1871 00f9 756E7369 		.ascii	"unsigned int\000"
 1871      676E6564 
 1871      20696E74 
 1871      00
 1872              	.LASF7:
 1873 0106 6C6F6E67 		.ascii	"long long unsigned int\000"
 1873      206C6F6E 
 1873      6720756E 
 1873      7369676E 
 1873      65642069 
 1874              	.LASF10:
 1875 011d 75696E74 		.ascii	"uint8_t\000"
 1875      385F7400 
 1876              	.LASF15:
 1877 0125 63795F6D 		.ascii	"cy_meta_flashprotect\000"
 1877      6574615F 
 1877      666C6173 
 1877      6870726F 
 1877      74656374 
 1878              	.LASF14:
 1879 013a 63795F6D 		.ascii	"cy_meta_wonvl\000"
 1879      6574615F 
 1879      776F6E76 
 1879      6C00
 1880              	.LASF11:
 1881 0148 73697A65 		.ascii	"sizetype\000"
ARM GAS  C:\Users\cleme\AppData\Local\Temp\ccF2D0XD.s 			page 35


 1881      74797065 
 1881      00
 1882              	.LASF6:
 1883 0151 6C6F6E67 		.ascii	"long long int\000"
 1883      206C6F6E 
 1883      6720696E 
 1883      7400
 1884              	.LASF2:
 1885 015f 73686F72 		.ascii	"short int\000"
 1885      7420696E 
 1885      7400
 1886              	.LASF19:
 1887 0169 433A5C55 		.ascii	"C:\\Users\\cleme\\Desktop\\Cours\\Q2\\Digital Elect"
 1887      73657273 
 1887      5C636C65 
 1887      6D655C44 
 1887      65736B74 
 1888 0196 726F6E69 		.ascii	"ronics\\Projet\\never-lose\\NeverLose.cydsn\000"
 1888      63735C50 
 1888      726F6A65 
 1888      745C6E65 
 1888      7665722D 
 1889              	.LASF4:
 1890 01bf 6C6F6E67 		.ascii	"long int\000"
 1890      20696E74 
 1890      00
 1891              	.LASF0:
 1892 01c8 7369676E 		.ascii	"signed char\000"
 1892      65642063 
 1892      68617200 
 1893              	.LASF18:
 1894 01d4 47656E65 		.ascii	"Generated_Source\\PSoC5\\cymetadata.c\000"
 1894      72617465 
 1894      645F536F 
 1894      75726365 
 1894      5C50536F 
 1895              		.ident	"GCC: (GNU Tools for ARM Embedded Processors) 5.4.1 20160609 (release) [ARM/embedded-5-bran
