ARM GAS  C:\Users\cleme\AppData\Local\Temp\ccvwyQbF.s 			page 1


   1              		.syntax unified
   2              		.cpu cortex-m3
   3              		.fpu softvfp
   4              		.eabi_attribute 20, 1
   5              		.eabi_attribute 21, 1
   6              		.eabi_attribute 23, 3
   7              		.eabi_attribute 24, 1
   8              		.eabi_attribute 25, 1
   9              		.eabi_attribute 26, 1
  10              		.eabi_attribute 30, 1
  11              		.eabi_attribute 34, 1
  12              		.eabi_attribute 18, 4
  13              		.thumb
  14              		.syntax unified
  15              		.file	"main.c"
  16              		.text
  17              	.Ltext0:
  18              		.cfi_sections	.debug_frame
  19              		.section	.text.jump,"ax",%progbits
  20              		.align	2
  21              		.global	jump
  22              		.thumb
  23              		.thumb_func
  24              		.type	jump, %function
  25              	jump:
  26              	.LFB64:
  27              		.file 1 "main.c"
   1:main.c        **** //
   2:main.c        **** // Created by Aramson Felho on 10/05/2023.
   3:main.c        **** //
   4:main.c        **** #include <math.h>
   5:main.c        **** 
   6:main.c        **** //#include "keypad.h"  // Keypad header file
   7:main.c        **** #include "utils.h"   // Other functions header file
   8:main.c        **** #include "project.h"
   9:main.c        **** #include "keypad.h"
  10:main.c        **** #include <stdint.h>
  11:main.c        **** 
  12:main.c        **** #define PWM_VALUE 5000  // hasarg
  13:main.c        **** #define COLOR_CHANGE 10000  // The value at wich the color change on the screen
  14:main.c        **** #define COLOR_DELTA 100  // The minimum value to ignore the delta between de 2 photoresistor
  15:main.c        **** 
  16:main.c        **** 
  17:main.c        **** uint8 rxData;
  18:main.c        **** /*
  19:main.c        **** CY_ISR(isr_uart_Handler){
  20:main.c        ****         uint8 status = 0;
  21:main.c        ****         do{
  22:main.c        ****             // Check that rx buffer is not empty and get rx data
  23:main.c        ****             if ( (status & UART_RX_STS_FIFO_NOTEMPTY) != 0){
  24:main.c        ****                 rxData = UART_ReadRxData();
  25:main.c        ****                 UART_PutChar(rxData);
  26:main.c        ****                 if (rxData == "jump") {
  27:main.c        ****                     jump();
  28:main.c        ****                 }else if (rxData == "duck") {
  29:main.c        ****                     duck();
  30:main.c        ****                 }
ARM GAS  C:\Users\cleme\AppData\Local\Temp\ccvwyQbF.s 			page 2


  31:main.c        ****             }
  32:main.c        ****         }while ((status & UART_RX_STS_FIFO_NOTEMPTY) != 0);
  33:main.c        **** 
  34:main.c        **** }
  35:main.c        **** */
  36:main.c        **** int main(void)
  37:main.c        **** {
  38:main.c        ****     CyGlobalIntEnable;  /* Enable global interrupts. */
  39:main.c        **** 
  40:main.c        ****     /* Place your initialization/startup code*/
  41:main.c        ****     int score = 0;
  42:main.c        ****     uint8_t first_jump = 1;
  43:main.c        ****     uint8_t day = 0;
  44:main.c        ****     uint8_t night = 0;
  45:main.c        ****     uint16_t pwm_period = 48000;
  46:main.c        ****     uint32_t photoResVal1 = 0;
  47:main.c        ****     uint32_t photoResVal2 = 0;
  48:main.c        ****     //uint32_t val_CMP;
  49:main.c        ****     //uint32_t val_adc;
  50:main.c        ****     char key = 'z';
  51:main.c        ****     uint16_t cnt = 0;
  52:main.c        **** 
  53:main.c        ****     PWM1_WritePeriod(pwm_period);
  54:main.c        ****     PWM2_WritePeriod(pwm_period);
  55:main.c        ****     //isr_uart_StartEx(isr_uart_Handler);
  56:main.c        **** 
  57:main.c        **** 
  58:main.c        ****     LCD_Start();
  59:main.c        ****     LCD_ClearDisplay();
  60:main.c        ****     //Mux_Start();
  61:main.c        ****     ADC_Start();  // Start the Analog-to-Digital Converter
  62:main.c        ****     UART_Start(); //Start the UART
  63:main.c        ****     keypadInit();  // Call initialization function form keypad.h
  64:main.c        ****     PWM1_Start();
  65:main.c        ****     PWM2_Start();
  66:main.c        ****     PWM1_WriteCompare(3000); //Servo à l'horizontal
  67:main.c        ****     PWM2_WriteCompare(3000); //Servo à l'horizontal
  68:main.c        ****     
  69:main.c        ****     Timer_Start();
  70:main.c        **** 
  71:main.c        ****     for(;;)
  72:main.c        ****     {
  73:main.c        ****         /* Place your application code here. */
  74:main.c        **** 
  75:main.c        ****         // TODO: Increase the score over time (10 points per seconds)
  76:main.c        ****        /* 
  77:main.c        ****         if(0x80 & Timer_ReadStatusRegister()){ //In case of overflow
  78:main.c        ****             if (cnt < 1000){
  79:main.c        ****                 cnt++;
  80:main.c        ****             }
  81:main.c        ****             else{
  82:main.c        ****                 LED1_Write(!LED1_Read());
  83:main.c        ****                 cnt = 0; //Reset counter
  84:main.c        ****             }
  85:main.c        ****         }
  86:main.c        ****         */
  87:main.c        ****         
ARM GAS  C:\Users\cleme\AppData\Local\Temp\ccvwyQbF.s 			page 3


  88:main.c        ****         // Printing the score on the second half of the LCD
  89:main.c        ****         LCD_Position(1,0);
  90:main.c        ****         LCD_PrintNumber(score);
  91:main.c        **** 
  92:main.c        ****         // Button detection
  93:main.c        ****         /*
  94:main.c        ****          * Components name: SW1, SW2, SW3
  95:main.c        ****          */
  96:main.c        ****         if (SW1_Read()){
  97:main.c        ****            jump(&first_jump);
  98:main.c        ****         }
  99:main.c        ****         else if (SW2_Read()) {
 100:main.c        ****             duck();
 101:main.c        **** 
 102:main.c        ****         } else if (SW3_Read()) {
 103:main.c        ****             // Reset the score
 104:main.c        ****             LCD_ClearDisplay();
 105:main.c        ****            (score) = 0;
 106:main.c        ****            (first_jump) = 1;
 107:main.c        **** 
 108:main.c        ****         }
 109:main.c        ****         //
 110:main.c        ****         
 111:main.c        ****         
 112:main.c        ****         
 113:main.c        ****         // Light detection
 114:main.c        ****         //detectLight(&photoResVal1, &photoResVal2, &day, &night);
 115:main.c        **** 
 116:main.c        ****         // Keypad detection
 117:main.c        ****         detectKeyboard(&key);
 118:main.c        **** 
 119:main.c        ****         // Shun-ting down  the LEDs
 120:main.c        ****         LED1_Write(0);
 121:main.c        ****         LED2_Write(0);
 122:main.c        ****         LED3_Write(0);
 123:main.c        ****         LED4_Write(0);
 124:main.c        **** 
 125:main.c        ****     }
 126:main.c        **** }
 127:main.c        **** 
 128:main.c        **** // Jump function
 129:main.c        **** void jump(uint8_t* first_jump){
  28              		.loc 1 129 0
  29              		.cfi_startproc
  30              		@ args = 0, pretend = 0, frame = 0
  31              		@ frame_needed = 0, uses_anonymous_args = 0
  32              	.LVL0:
  33 0000 08B5     		push	{r3, lr}
  34              		.cfi_def_cfa_offset 8
  35              		.cfi_offset 3, -8
  36              		.cfi_offset 14, -4
 130:main.c        ****     if (*first_jump){
  37              		.loc 1 130 0
  38 0002 0378     		ldrb	r3, [r0]	@ zero_extendqisi2
  39 0004 0BB1     		cbz	r3, .L2
 131:main.c        ****         (*first_jump) = 0;
  40              		.loc 1 131 0
ARM GAS  C:\Users\cleme\AppData\Local\Temp\ccvwyQbF.s 			page 4


  41 0006 0023     		movs	r3, #0
  42 0008 0370     		strb	r3, [r0]
  43              	.L2:
 132:main.c        ****     }
 133:main.c        ****     //Activate servo motor 1
 134:main.c        ****     
 135:main.c        ****     // A Changer
 136:main.c        ****     
 137:main.c        ****     PWM1_WriteCompare(1700);
  44              		.loc 1 137 0
  45 000a 40F2A460 		movw	r0, #1700
  46              	.LVL1:
  47 000e FFF7FEFF 		bl	PWM1_WriteCompare
  48              	.LVL2:
 138:main.c        ****     CyDelay(200); 
  49              		.loc 1 138 0
  50 0012 C820     		movs	r0, #200
  51 0014 FFF7FEFF 		bl	CyDelay
  52              	.LVL3:
 139:main.c        ****     PWM1_WriteCompare(3000);
  53              		.loc 1 139 0
  54 0018 40F6B830 		movw	r0, #3000
  55 001c FFF7FEFF 		bl	PWM1_WriteCompare
  56              	.LVL4:
 140:main.c        ****     
 141:main.c        ****     // Printing "Jump" on LCD
 142:main.c        ****     LCD_Position(0,0);
  57              		.loc 1 142 0
  58 0020 0021     		movs	r1, #0
  59 0022 0846     		mov	r0, r1
  60 0024 FFF7FEFF 		bl	LCD_Position
  61              	.LVL5:
 143:main.c        ****     LCD_PrintString("Jump");
  62              		.loc 1 143 0
  63 0028 0648     		ldr	r0, .L4
  64 002a FFF7FEFF 		bl	LCD_PrintString
  65              	.LVL6:
 144:main.c        ****     // Lighting LEDs (1&2)
 145:main.c        ****     LED1_Write(1);
  66              		.loc 1 145 0
  67 002e 0120     		movs	r0, #1
  68 0030 FFF7FEFF 		bl	LED1_Write
  69              	.LVL7:
 146:main.c        ****     LED2_Write(1);
  70              		.loc 1 146 0
  71 0034 0120     		movs	r0, #1
  72 0036 FFF7FEFF 		bl	LED2_Write
  73              	.LVL8:
 147:main.c        ****     CyDelay(500);
  74              		.loc 1 147 0
  75 003a 4FF4FA70 		mov	r0, #500
  76 003e FFF7FEFF 		bl	CyDelay
  77              	.LVL9:
  78 0042 08BD     		pop	{r3, pc}
  79              	.L5:
  80              		.align	2
  81              	.L4:
ARM GAS  C:\Users\cleme\AppData\Local\Temp\ccvwyQbF.s 			page 5


  82 0044 00000000 		.word	.LC0
  83              		.cfi_endproc
  84              	.LFE64:
  85              		.size	jump, .-jump
  86              		.section	.text.duck,"ax",%progbits
  87              		.align	2
  88              		.global	duck
  89              		.thumb
  90              		.thumb_func
  91              		.type	duck, %function
  92              	duck:
  93              	.LFB65:
 148:main.c        ****     // Audio Output 1
 149:main.c        ****     // TODO
 150:main.c        **** }
 151:main.c        **** // Down function
 152:main.c        **** void duck(){
  94              		.loc 1 152 0
  95              		.cfi_startproc
  96              		@ args = 0, pretend = 0, frame = 0
  97              		@ frame_needed = 0, uses_anonymous_args = 0
  98 0000 08B5     		push	{r3, lr}
  99              		.cfi_def_cfa_offset 8
 100              		.cfi_offset 3, -8
 101              		.cfi_offset 14, -4
 153:main.c        ****     //Activate servo motor 2
 154:main.c        ****     
 155:main.c        ****     // A Changer
 156:main.c        ****     
 157:main.c        ****     PWM2_WriteCompare(1700);
 102              		.loc 1 157 0
 103 0002 40F2A460 		movw	r0, #1700
 104 0006 FFF7FEFF 		bl	PWM2_WriteCompare
 105              	.LVL10:
 158:main.c        ****     CyDelay(200); 
 106              		.loc 1 158 0
 107 000a C820     		movs	r0, #200
 108 000c FFF7FEFF 		bl	CyDelay
 109              	.LVL11:
 159:main.c        ****     PWM2_WriteCompare(3000);
 110              		.loc 1 159 0
 111 0010 40F6B830 		movw	r0, #3000
 112 0014 FFF7FEFF 		bl	PWM2_WriteCompare
 113              	.LVL12:
 160:main.c        ****     
 161:main.c        ****     // Printing "Duck" on LCD
 162:main.c        ****     LCD_Position(0,0);
 114              		.loc 1 162 0
 115 0018 0021     		movs	r1, #0
 116 001a 0846     		mov	r0, r1
 117 001c FFF7FEFF 		bl	LCD_Position
 118              	.LVL13:
 163:main.c        ****     LCD_PrintString("Duck");
 119              		.loc 1 163 0
 120 0020 0648     		ldr	r0, .L8
 121 0022 FFF7FEFF 		bl	LCD_PrintString
 122              	.LVL14:
ARM GAS  C:\Users\cleme\AppData\Local\Temp\ccvwyQbF.s 			page 6


 164:main.c        ****     // Lighting LEDs (3&4)
 165:main.c        ****     LED3_Write(1);
 123              		.loc 1 165 0
 124 0026 0120     		movs	r0, #1
 125 0028 FFF7FEFF 		bl	LED3_Write
 126              	.LVL15:
 166:main.c        ****     LED4_Write(1);
 127              		.loc 1 166 0
 128 002c 0120     		movs	r0, #1
 129 002e FFF7FEFF 		bl	LED4_Write
 130              	.LVL16:
 167:main.c        ****     CyDelay(200);
 131              		.loc 1 167 0
 132 0032 C820     		movs	r0, #200
 133 0034 FFF7FEFF 		bl	CyDelay
 134              	.LVL17:
 135 0038 08BD     		pop	{r3, pc}
 136              	.L9:
 137 003a 00BF     		.align	2
 138              	.L8:
 139 003c 08000000 		.word	.LC1
 140              		.cfi_endproc
 141              	.LFE65:
 142              		.size	duck, .-duck
 143              		.section	.text.detectKeyboard,"ax",%progbits
 144              		.align	2
 145              		.global	detectKeyboard
 146              		.thumb
 147              		.thumb_func
 148              		.type	detectKeyboard, %function
 149              	detectKeyboard:
 150              	.LFB66:
 168:main.c        ****     // Audio Output 2
 169:main.c        ****     // TODO
 170:main.c        **** }
 171:main.c        **** 
 172:main.c        **** 
 173:main.c        **** // Keyboard detection
 174:main.c        **** 
 175:main.c        **** void detectKeyboard(char* key){
 151              		.loc 1 175 0
 152              		.cfi_startproc
 153              		@ args = 0, pretend = 0, frame = 0
 154              		@ frame_needed = 0, uses_anonymous_args = 0
 155              	.LVL18:
 156 0000 10B5     		push	{r4, lr}
 157              		.cfi_def_cfa_offset 8
 158              		.cfi_offset 4, -8
 159              		.cfi_offset 14, -4
 160 0002 0446     		mov	r4, r0
 176:main.c        ****     // Detect the char pressed on the keybpard
 177:main.c        ****     *key = keypadScan();
 161              		.loc 1 177 0
 162 0004 FFF7FEFF 		bl	keypadScan
 163              	.LVL19:
 164 0008 2070     		strb	r0, [r4]
 178:main.c        **** 
ARM GAS  C:\Users\cleme\AppData\Local\Temp\ccvwyQbF.s 			page 7


 179:main.c        ****     if (*key != 'z'){
 165              		.loc 1 179 0
 166 000a 7A28     		cmp	r0, #122
 167 000c 09D0     		beq	.L10
 180:main.c        ****         if (*key == '2'){
 168              		.loc 1 180 0
 169 000e 3228     		cmp	r0, #50
 170 0010 03D1     		bne	.L12
 181:main.c        ****             jump(0); //attention, on hardcode un zero comme si c'etait pas un first jump
 171              		.loc 1 181 0
 172 0012 0020     		movs	r0, #0
 173 0014 FFF7FEFF 		bl	jump
 174              	.LVL20:
 175 0018 10BD     		pop	{r4, pc}
 176              	.LVL21:
 177              	.L12:
 182:main.c        ****         }
 183:main.c        ****         else if (*key == '8') {
 178              		.loc 1 183 0
 179 001a 3828     		cmp	r0, #56
 180 001c 01D1     		bne	.L10
 184:main.c        ****             duck();
 181              		.loc 1 184 0
 182 001e FFF7FEFF 		bl	duck
 183              	.LVL22:
 184              	.L10:
 185 0022 10BD     		pop	{r4, pc}
 186              		.cfi_endproc
 187              	.LFE66:
 188              		.size	detectKeyboard, .-detectKeyboard
 189              		.section	.text.main,"ax",%progbits
 190              		.align	2
 191              		.global	main
 192              		.thumb
 193              		.thumb_func
 194              		.type	main, %function
 195              	main:
 196              	.LFB63:
  37:main.c        ****     CyGlobalIntEnable;  /* Enable global interrupts. */
 197              		.loc 1 37 0
 198              		.cfi_startproc
 199              		@ args = 0, pretend = 0, frame = 8
 200              		@ frame_needed = 0, uses_anonymous_args = 0
 201 0000 10B5     		push	{r4, lr}
 202              		.cfi_def_cfa_offset 8
 203              		.cfi_offset 4, -8
 204              		.cfi_offset 14, -4
 205 0002 82B0     		sub	sp, sp, #8
 206              		.cfi_def_cfa_offset 16
  38:main.c        **** 
 207              		.loc 1 38 0
 208              		.syntax unified
 209              	@ 38 "main.c" 1
 210 0004 62B6     		CPSIE   i
 211              	@ 0 "" 2
 212              	.LVL23:
  42:main.c        ****     uint8_t day = 0;
ARM GAS  C:\Users\cleme\AppData\Local\Temp\ccvwyQbF.s 			page 8


 213              		.loc 1 42 0
 214              		.thumb
 215              		.syntax unified
 216 0006 0124     		movs	r4, #1
 217 0008 8DF80740 		strb	r4, [sp, #7]
 218              	.LVL24:
  50:main.c        ****     uint16_t cnt = 0;
 219              		.loc 1 50 0
 220 000c 7A23     		movs	r3, #122
 221 000e 8DF80630 		strb	r3, [sp, #6]
 222              	.LVL25:
  53:main.c        ****     PWM2_WritePeriod(pwm_period);
 223              		.loc 1 53 0
 224 0012 4BF68030 		movw	r0, #48000
 225 0016 FFF7FEFF 		bl	PWM1_WritePeriod
 226              	.LVL26:
  54:main.c        ****     //isr_uart_StartEx(isr_uart_Handler);
 227              		.loc 1 54 0
 228 001a 4BF68030 		movw	r0, #48000
 229 001e FFF7FEFF 		bl	PWM2_WritePeriod
 230              	.LVL27:
  58:main.c        ****     LCD_ClearDisplay();
 231              		.loc 1 58 0
 232 0022 FFF7FEFF 		bl	LCD_Start
 233              	.LVL28:
  59:main.c        ****     //Mux_Start();
 234              		.loc 1 59 0
 235 0026 2046     		mov	r0, r4
 236 0028 FFF7FEFF 		bl	LCD_WriteControl
 237              	.LVL29:
  61:main.c        ****     UART_Start(); //Start the UART
 238              		.loc 1 61 0
 239 002c FFF7FEFF 		bl	ADC_Start
 240              	.LVL30:
  62:main.c        ****     keypadInit();  // Call initialization function form keypad.h
 241              		.loc 1 62 0
 242 0030 FFF7FEFF 		bl	UART_Start
 243              	.LVL31:
  63:main.c        ****     PWM1_Start();
 244              		.loc 1 63 0
 245 0034 FFF7FEFF 		bl	keypadInit
 246              	.LVL32:
  64:main.c        ****     PWM2_Start();
 247              		.loc 1 64 0
 248 0038 FFF7FEFF 		bl	PWM1_Start
 249              	.LVL33:
  65:main.c        ****     PWM1_WriteCompare(3000); //Servo à l'horizontal
 250              		.loc 1 65 0
 251 003c FFF7FEFF 		bl	PWM2_Start
 252              	.LVL34:
  66:main.c        ****     PWM2_WriteCompare(3000); //Servo à l'horizontal
 253              		.loc 1 66 0
 254 0040 40F6B830 		movw	r0, #3000
 255 0044 FFF7FEFF 		bl	PWM1_WriteCompare
 256              	.LVL35:
  67:main.c        ****     
 257              		.loc 1 67 0
ARM GAS  C:\Users\cleme\AppData\Local\Temp\ccvwyQbF.s 			page 9


 258 0048 40F6B830 		movw	r0, #3000
 259 004c FFF7FEFF 		bl	PWM2_WriteCompare
 260              	.LVL36:
  69:main.c        **** 
 261              		.loc 1 69 0
 262 0050 FFF7FEFF 		bl	Timer_Start
 263              	.LVL37:
 264              	.L18:
 265              	.LBB2:
  89:main.c        ****         LCD_PrintNumber(score);
 266              		.loc 1 89 0
 267 0054 0021     		movs	r1, #0
 268 0056 0120     		movs	r0, #1
 269 0058 FFF7FEFF 		bl	LCD_Position
 270              	.LVL38:
  90:main.c        **** 
 271              		.loc 1 90 0
 272 005c 0020     		movs	r0, #0
 273 005e FFF7FEFF 		bl	LCD_PrintU32Number
 274              	.LVL39:
  96:main.c        ****            jump(&first_jump);
 275              		.loc 1 96 0
 276 0062 FFF7FEFF 		bl	SW1_Read
 277              	.LVL40:
 278 0066 20B1     		cbz	r0, .L15
 279              	.LBB3:
  97:main.c        ****         }
 280              		.loc 1 97 0
 281 0068 0DF10700 		add	r0, sp, #7
 282 006c FFF7FEFF 		bl	jump
 283              	.LVL41:
 284              	.LBE3:
 285 0070 0EE0     		b	.L16
 286              	.L15:
  99:main.c        ****             duck();
 287              		.loc 1 99 0
 288 0072 FFF7FEFF 		bl	SW2_Read
 289              	.LVL42:
 290 0076 10B1     		cbz	r0, .L17
 291              	.LBB4:
 100:main.c        **** 
 292              		.loc 1 100 0
 293 0078 FFF7FEFF 		bl	duck
 294              	.LVL43:
 295              	.LBE4:
 296 007c 08E0     		b	.L16
 297              	.L17:
 102:main.c        ****             // Reset the score
 298              		.loc 1 102 0
 299 007e FFF7FEFF 		bl	SW3_Read
 300              	.LVL44:
 301 0082 28B1     		cbz	r0, .L16
 104:main.c        ****            (score) = 0;
 302              		.loc 1 104 0
 303 0084 0120     		movs	r0, #1
 304 0086 FFF7FEFF 		bl	LCD_WriteControl
 305              	.LVL45:
ARM GAS  C:\Users\cleme\AppData\Local\Temp\ccvwyQbF.s 			page 10


 106:main.c        **** 
 306              		.loc 1 106 0
 307 008a 0123     		movs	r3, #1
 308 008c 8DF80730 		strb	r3, [sp, #7]
 309              	.L16:
 117:main.c        **** 
 310              		.loc 1 117 0
 311 0090 0DF10600 		add	r0, sp, #6
 312 0094 FFF7FEFF 		bl	detectKeyboard
 313              	.LVL46:
 120:main.c        ****         LED2_Write(0);
 314              		.loc 1 120 0
 315 0098 0020     		movs	r0, #0
 316 009a FFF7FEFF 		bl	LED1_Write
 317              	.LVL47:
 121:main.c        ****         LED3_Write(0);
 318              		.loc 1 121 0
 319 009e 0020     		movs	r0, #0
 320 00a0 FFF7FEFF 		bl	LED2_Write
 321              	.LVL48:
 122:main.c        ****         LED4_Write(0);
 322              		.loc 1 122 0
 323 00a4 0020     		movs	r0, #0
 324 00a6 FFF7FEFF 		bl	LED3_Write
 325              	.LVL49:
 123:main.c        **** 
 326              		.loc 1 123 0
 327 00aa 0020     		movs	r0, #0
 328 00ac FFF7FEFF 		bl	LED4_Write
 329              	.LVL50:
 330              	.LBE2:
 125:main.c        **** }
 331              		.loc 1 125 0
 332 00b0 D0E7     		b	.L18
 333              		.cfi_endproc
 334              	.LFE63:
 335              		.size	main, .-main
 336              		.comm	rxData,1,1
 337 00b2 00BF     		.section	.rodata.str1.4,"aMS",%progbits,1
 338              		.align	2
 339              	.LC0:
 340 0000 4A756D70 		.ascii	"Jump\000"
 340      00
 341 0005 000000   		.space	3
 342              	.LC1:
 343 0008 4475636B 		.ascii	"Duck\000"
 343      00
 344              		.text
 345              	.Letext0:
 346              		.file 2 "c:\\program files (x86)\\cypress\\psoc creator\\4.4\\psoc creator\\import\\gnu\\arm\\5.4.
 347              		.file 3 "c:\\program files (x86)\\cypress\\psoc creator\\4.4\\psoc creator\\import\\gnu\\arm\\5.4.
 348              		.file 4 "Generated_Source\\PSoC5/cytypes.h"
 349              		.file 5 "Generated_Source\\PSoC5/core_cm3.h"
 350              		.file 6 "Generated_Source\\PSoC5/PWM1.h"
 351              		.file 7 "Generated_Source\\PSoC5/CyLib.h"
 352              		.file 8 "Generated_Source\\PSoC5/LCD.h"
 353              		.file 9 "Generated_Source\\PSoC5/LED1.h"
ARM GAS  C:\Users\cleme\AppData\Local\Temp\ccvwyQbF.s 			page 11


 354              		.file 10 "Generated_Source\\PSoC5/LED2.h"
 355              		.file 11 "Generated_Source\\PSoC5/PWM2.h"
 356              		.file 12 "Generated_Source\\PSoC5/LED3.h"
 357              		.file 13 "Generated_Source\\PSoC5/LED4.h"
 358              		.file 14 "keypad.h"
 359              		.file 15 "Generated_Source\\PSoC5/SW1.h"
 360              		.file 16 "Generated_Source\\PSoC5/SW2.h"
 361              		.file 17 "Generated_Source\\PSoC5/SW3.h"
 362              		.file 18 "Generated_Source\\PSoC5/ADC.h"
 363              		.file 19 "Generated_Source\\PSoC5/UART.h"
 364              		.file 20 "Generated_Source\\PSoC5/Timer.h"
 365              		.section	.debug_info,"",%progbits
 366              	.Ldebug_info0:
 367 0000 5D060000 		.4byte	0x65d
 368 0004 0400     		.2byte	0x4
 369 0006 00000000 		.4byte	.Ldebug_abbrev0
 370 000a 04       		.byte	0x4
 371 000b 01       		.uleb128 0x1
 372 000c DF020000 		.4byte	.LASF59
 373 0010 0C       		.byte	0xc
 374 0011 58020000 		.4byte	.LASF60
 375 0015 9E010000 		.4byte	.LASF61
 376 0019 00000000 		.4byte	.Ldebug_ranges0+0
 377 001d 00000000 		.4byte	0
 378 0021 00000000 		.4byte	.Ldebug_line0
 379 0025 02       		.uleb128 0x2
 380 0026 04       		.byte	0x4
 381 0027 05       		.byte	0x5
 382 0028 696E7400 		.ascii	"int\000"
 383 002c 03       		.uleb128 0x3
 384 002d 04       		.byte	0x4
 385 002e 07       		.byte	0x7
 386 002f 6D010000 		.4byte	.LASF0
 387 0033 03       		.uleb128 0x3
 388 0034 08       		.byte	0x8
 389 0035 05       		.byte	0x5
 390 0036 D0000000 		.4byte	.LASF1
 391 003a 03       		.uleb128 0x3
 392 003b 08       		.byte	0x8
 393 003c 04       		.byte	0x4
 394 003d 05010000 		.4byte	.LASF2
 395 0041 03       		.uleb128 0x3
 396 0042 01       		.byte	0x1
 397 0043 06       		.byte	0x6
 398 0044 30010000 		.4byte	.LASF3
 399 0048 04       		.uleb128 0x4
 400 0049 80030000 		.4byte	.LASF6
 401 004d 02       		.byte	0x2
 402 004e 1D       		.byte	0x1d
 403 004f 53000000 		.4byte	0x53
 404 0053 03       		.uleb128 0x3
 405 0054 01       		.byte	0x1
 406 0055 08       		.byte	0x8
 407 0056 22010000 		.4byte	.LASF4
 408 005a 03       		.uleb128 0x3
 409 005b 02       		.byte	0x2
 410 005c 05       		.byte	0x5
ARM GAS  C:\Users\cleme\AppData\Local\Temp\ccvwyQbF.s 			page 12


 411 005d 20000000 		.4byte	.LASF5
 412 0061 04       		.uleb128 0x4
 413 0062 60000000 		.4byte	.LASF7
 414 0066 02       		.byte	0x2
 415 0067 2B       		.byte	0x2b
 416 0068 6C000000 		.4byte	0x6c
 417 006c 03       		.uleb128 0x3
 418 006d 02       		.byte	0x2
 419 006e 07       		.byte	0x7
 420 006f F4010000 		.4byte	.LASF8
 421 0073 04       		.uleb128 0x4
 422 0074 93020000 		.4byte	.LASF9
 423 0078 02       		.byte	0x2
 424 0079 3F       		.byte	0x3f
 425 007a 7E000000 		.4byte	0x7e
 426 007e 03       		.uleb128 0x3
 427 007f 04       		.byte	0x4
 428 0080 05       		.byte	0x5
 429 0081 E8000000 		.4byte	.LASF10
 430 0085 04       		.uleb128 0x4
 431 0086 55000000 		.4byte	.LASF11
 432 008a 02       		.byte	0x2
 433 008b 41       		.byte	0x41
 434 008c 90000000 		.4byte	0x90
 435 0090 03       		.uleb128 0x3
 436 0091 04       		.byte	0x4
 437 0092 07       		.byte	0x7
 438 0093 5F020000 		.4byte	.LASF12
 439 0097 03       		.uleb128 0x3
 440 0098 08       		.byte	0x8
 441 0099 07       		.byte	0x7
 442 009a 42010000 		.4byte	.LASF13
 443 009e 03       		.uleb128 0x3
 444 009f 04       		.byte	0x4
 445 00a0 07       		.byte	0x7
 446 00a1 2A000000 		.4byte	.LASF14
 447 00a5 05       		.uleb128 0x5
 448 00a6 04       		.byte	0x4
 449 00a7 AB000000 		.4byte	0xab
 450 00ab 03       		.uleb128 0x3
 451 00ac 01       		.byte	0x1
 452 00ad 08       		.byte	0x8
 453 00ae 25020000 		.4byte	.LASF15
 454 00b2 03       		.uleb128 0x3
 455 00b3 08       		.byte	0x8
 456 00b4 04       		.byte	0x4
 457 00b5 CB020000 		.4byte	.LASF16
 458 00b9 03       		.uleb128 0x3
 459 00ba 04       		.byte	0x4
 460 00bb 04       		.byte	0x4
 461 00bc CA000000 		.4byte	.LASF17
 462 00c0 04       		.uleb128 0x4
 463 00c1 9D000000 		.4byte	.LASF18
 464 00c5 03       		.byte	0x3
 465 00c6 18       		.byte	0x18
 466 00c7 48000000 		.4byte	0x48
 467 00cb 04       		.uleb128 0x4
ARM GAS  C:\Users\cleme\AppData\Local\Temp\ccvwyQbF.s 			page 13


 468 00cc 8A010000 		.4byte	.LASF19
 469 00d0 03       		.byte	0x3
 470 00d1 24       		.byte	0x24
 471 00d2 61000000 		.4byte	0x61
 472 00d6 04       		.uleb128 0x4
 473 00d7 35020000 		.4byte	.LASF20
 474 00db 03       		.byte	0x3
 475 00dc 2C       		.byte	0x2c
 476 00dd 73000000 		.4byte	0x73
 477 00e1 04       		.uleb128 0x4
 478 00e2 59010000 		.4byte	.LASF21
 479 00e6 03       		.byte	0x3
 480 00e7 30       		.byte	0x30
 481 00e8 85000000 		.4byte	0x85
 482 00ec 06       		.uleb128 0x6
 483 00ed B2000000 		.4byte	.LASF22
 484 00f1 04       		.byte	0x4
 485 00f2 E801     		.2byte	0x1e8
 486 00f4 53000000 		.4byte	0x53
 487 00f8 06       		.uleb128 0x6
 488 00f9 48020000 		.4byte	.LASF23
 489 00fd 04       		.byte	0x4
 490 00fe E901     		.2byte	0x1e9
 491 0100 6C000000 		.4byte	0x6c
 492 0104 07       		.uleb128 0x7
 493 0105 4B000000 		.4byte	.LASF24
 494 0109 01       		.byte	0x1
 495 010a 81       		.byte	0x81
 496 010b 00000000 		.4byte	.LFB64
 497 010f 48000000 		.4byte	.LFE64-.LFB64
 498 0113 01       		.uleb128 0x1
 499 0114 9C       		.byte	0x9c
 500 0115 CD010000 		.4byte	0x1cd
 501 0119 08       		.uleb128 0x8
 502 011a 62010000 		.4byte	.LASF26
 503 011e 01       		.byte	0x1
 504 011f 81       		.byte	0x81
 505 0120 CD010000 		.4byte	0x1cd
 506 0124 00000000 		.4byte	.LLST0
 507 0128 09       		.uleb128 0x9
 508 0129 12000000 		.4byte	.LVL2
 509 012d 58050000 		.4byte	0x558
 510 0131 3D010000 		.4byte	0x13d
 511 0135 0A       		.uleb128 0xa
 512 0136 01       		.uleb128 0x1
 513 0137 50       		.byte	0x50
 514 0138 03       		.uleb128 0x3
 515 0139 0A       		.byte	0xa
 516 013a A406     		.2byte	0x6a4
 517 013c 00       		.byte	0
 518 013d 09       		.uleb128 0x9
 519 013e 18000000 		.4byte	.LVL3
 520 0142 63050000 		.4byte	0x563
 521 0146 51010000 		.4byte	0x151
 522 014a 0A       		.uleb128 0xa
 523 014b 01       		.uleb128 0x1
 524 014c 50       		.byte	0x50
ARM GAS  C:\Users\cleme\AppData\Local\Temp\ccvwyQbF.s 			page 14


 525 014d 02       		.uleb128 0x2
 526 014e 08       		.byte	0x8
 527 014f C8       		.byte	0xc8
 528 0150 00       		.byte	0
 529 0151 09       		.uleb128 0x9
 530 0152 20000000 		.4byte	.LVL4
 531 0156 58050000 		.4byte	0x558
 532 015a 66010000 		.4byte	0x166
 533 015e 0A       		.uleb128 0xa
 534 015f 01       		.uleb128 0x1
 535 0160 50       		.byte	0x50
 536 0161 03       		.uleb128 0x3
 537 0162 0A       		.byte	0xa
 538 0163 B80B     		.2byte	0xbb8
 539 0165 00       		.byte	0
 540 0166 09       		.uleb128 0x9
 541 0167 28000000 		.4byte	.LVL5
 542 016b 6E050000 		.4byte	0x56e
 543 016f 7E010000 		.4byte	0x17e
 544 0173 0A       		.uleb128 0xa
 545 0174 01       		.uleb128 0x1
 546 0175 50       		.byte	0x50
 547 0176 01       		.uleb128 0x1
 548 0177 30       		.byte	0x30
 549 0178 0A       		.uleb128 0xa
 550 0179 01       		.uleb128 0x1
 551 017a 51       		.byte	0x51
 552 017b 01       		.uleb128 0x1
 553 017c 30       		.byte	0x30
 554 017d 00       		.byte	0
 555 017e 09       		.uleb128 0x9
 556 017f 2E000000 		.4byte	.LVL6
 557 0183 79050000 		.4byte	0x579
 558 0187 95010000 		.4byte	0x195
 559 018b 0A       		.uleb128 0xa
 560 018c 01       		.uleb128 0x1
 561 018d 50       		.byte	0x50
 562 018e 05       		.uleb128 0x5
 563 018f 03       		.byte	0x3
 564 0190 00000000 		.4byte	.LC0
 565 0194 00       		.byte	0
 566 0195 09       		.uleb128 0x9
 567 0196 34000000 		.4byte	.LVL7
 568 019a 84050000 		.4byte	0x584
 569 019e A8010000 		.4byte	0x1a8
 570 01a2 0A       		.uleb128 0xa
 571 01a3 01       		.uleb128 0x1
 572 01a4 50       		.byte	0x50
 573 01a5 01       		.uleb128 0x1
 574 01a6 31       		.byte	0x31
 575 01a7 00       		.byte	0
 576 01a8 09       		.uleb128 0x9
 577 01a9 3A000000 		.4byte	.LVL8
 578 01ad 8F050000 		.4byte	0x58f
 579 01b1 BB010000 		.4byte	0x1bb
 580 01b5 0A       		.uleb128 0xa
 581 01b6 01       		.uleb128 0x1
ARM GAS  C:\Users\cleme\AppData\Local\Temp\ccvwyQbF.s 			page 15


 582 01b7 50       		.byte	0x50
 583 01b8 01       		.uleb128 0x1
 584 01b9 31       		.byte	0x31
 585 01ba 00       		.byte	0
 586 01bb 0B       		.uleb128 0xb
 587 01bc 42000000 		.4byte	.LVL9
 588 01c0 63050000 		.4byte	0x563
 589 01c4 0A       		.uleb128 0xa
 590 01c5 01       		.uleb128 0x1
 591 01c6 50       		.byte	0x50
 592 01c7 03       		.uleb128 0x3
 593 01c8 0A       		.byte	0xa
 594 01c9 F401     		.2byte	0x1f4
 595 01cb 00       		.byte	0
 596 01cc 00       		.byte	0
 597 01cd 05       		.uleb128 0x5
 598 01ce 04       		.byte	0x4
 599 01cf C0000000 		.4byte	0xc0
 600 01d3 0C       		.uleb128 0xc
 601 01d4 C6020000 		.4byte	.LASF32
 602 01d8 01       		.byte	0x1
 603 01d9 98       		.byte	0x98
 604 01da 00000000 		.4byte	.LFB65
 605 01de 40000000 		.4byte	.LFE65-.LFB65
 606 01e2 01       		.uleb128 0x1
 607 01e3 9C       		.byte	0x9c
 608 01e4 8C020000 		.4byte	0x28c
 609 01e8 09       		.uleb128 0x9
 610 01e9 0A000000 		.4byte	.LVL10
 611 01ed 9A050000 		.4byte	0x59a
 612 01f1 FD010000 		.4byte	0x1fd
 613 01f5 0A       		.uleb128 0xa
 614 01f6 01       		.uleb128 0x1
 615 01f7 50       		.byte	0x50
 616 01f8 03       		.uleb128 0x3
 617 01f9 0A       		.byte	0xa
 618 01fa A406     		.2byte	0x6a4
 619 01fc 00       		.byte	0
 620 01fd 09       		.uleb128 0x9
 621 01fe 10000000 		.4byte	.LVL11
 622 0202 63050000 		.4byte	0x563
 623 0206 11020000 		.4byte	0x211
 624 020a 0A       		.uleb128 0xa
 625 020b 01       		.uleb128 0x1
 626 020c 50       		.byte	0x50
 627 020d 02       		.uleb128 0x2
 628 020e 08       		.byte	0x8
 629 020f C8       		.byte	0xc8
 630 0210 00       		.byte	0
 631 0211 09       		.uleb128 0x9
 632 0212 18000000 		.4byte	.LVL12
 633 0216 9A050000 		.4byte	0x59a
 634 021a 26020000 		.4byte	0x226
 635 021e 0A       		.uleb128 0xa
 636 021f 01       		.uleb128 0x1
 637 0220 50       		.byte	0x50
 638 0221 03       		.uleb128 0x3
ARM GAS  C:\Users\cleme\AppData\Local\Temp\ccvwyQbF.s 			page 16


 639 0222 0A       		.byte	0xa
 640 0223 B80B     		.2byte	0xbb8
 641 0225 00       		.byte	0
 642 0226 09       		.uleb128 0x9
 643 0227 20000000 		.4byte	.LVL13
 644 022b 6E050000 		.4byte	0x56e
 645 022f 3E020000 		.4byte	0x23e
 646 0233 0A       		.uleb128 0xa
 647 0234 01       		.uleb128 0x1
 648 0235 50       		.byte	0x50
 649 0236 01       		.uleb128 0x1
 650 0237 30       		.byte	0x30
 651 0238 0A       		.uleb128 0xa
 652 0239 01       		.uleb128 0x1
 653 023a 51       		.byte	0x51
 654 023b 01       		.uleb128 0x1
 655 023c 30       		.byte	0x30
 656 023d 00       		.byte	0
 657 023e 09       		.uleb128 0x9
 658 023f 26000000 		.4byte	.LVL14
 659 0243 79050000 		.4byte	0x579
 660 0247 55020000 		.4byte	0x255
 661 024b 0A       		.uleb128 0xa
 662 024c 01       		.uleb128 0x1
 663 024d 50       		.byte	0x50
 664 024e 05       		.uleb128 0x5
 665 024f 03       		.byte	0x3
 666 0250 08000000 		.4byte	.LC1
 667 0254 00       		.byte	0
 668 0255 09       		.uleb128 0x9
 669 0256 2C000000 		.4byte	.LVL15
 670 025a A5050000 		.4byte	0x5a5
 671 025e 68020000 		.4byte	0x268
 672 0262 0A       		.uleb128 0xa
 673 0263 01       		.uleb128 0x1
 674 0264 50       		.byte	0x50
 675 0265 01       		.uleb128 0x1
 676 0266 31       		.byte	0x31
 677 0267 00       		.byte	0
 678 0268 09       		.uleb128 0x9
 679 0269 32000000 		.4byte	.LVL16
 680 026d B0050000 		.4byte	0x5b0
 681 0271 7B020000 		.4byte	0x27b
 682 0275 0A       		.uleb128 0xa
 683 0276 01       		.uleb128 0x1
 684 0277 50       		.byte	0x50
 685 0278 01       		.uleb128 0x1
 686 0279 31       		.byte	0x31
 687 027a 00       		.byte	0
 688 027b 0B       		.uleb128 0xb
 689 027c 38000000 		.4byte	.LVL17
 690 0280 63050000 		.4byte	0x563
 691 0284 0A       		.uleb128 0xa
 692 0285 01       		.uleb128 0x1
 693 0286 50       		.byte	0x50
 694 0287 02       		.uleb128 0x2
 695 0288 08       		.byte	0x8
ARM GAS  C:\Users\cleme\AppData\Local\Temp\ccvwyQbF.s 			page 17


 696 0289 C8       		.byte	0xc8
 697 028a 00       		.byte	0
 698 028b 00       		.byte	0
 699 028c 07       		.uleb128 0x7
 700 028d 11000000 		.4byte	.LASF25
 701 0291 01       		.byte	0x1
 702 0292 AF       		.byte	0xaf
 703 0293 00000000 		.4byte	.LFB66
 704 0297 24000000 		.4byte	.LFE66-.LFB66
 705 029b 01       		.uleb128 0x1
 706 029c 9C       		.byte	0x9c
 707 029d D6020000 		.4byte	0x2d6
 708 02a1 0D       		.uleb128 0xd
 709 02a2 6B657900 		.ascii	"key\000"
 710 02a6 01       		.byte	0x1
 711 02a7 AF       		.byte	0xaf
 712 02a8 A5000000 		.4byte	0xa5
 713 02ac 21000000 		.4byte	.LLST1
 714 02b0 0E       		.uleb128 0xe
 715 02b1 08000000 		.4byte	.LVL19
 716 02b5 BB050000 		.4byte	0x5bb
 717 02b9 09       		.uleb128 0x9
 718 02ba 18000000 		.4byte	.LVL20
 719 02be 04010000 		.4byte	0x104
 720 02c2 CC020000 		.4byte	0x2cc
 721 02c6 0A       		.uleb128 0xa
 722 02c7 01       		.uleb128 0x1
 723 02c8 50       		.byte	0x50
 724 02c9 01       		.uleb128 0x1
 725 02ca 30       		.byte	0x30
 726 02cb 00       		.byte	0
 727 02cc 0E       		.uleb128 0xe
 728 02cd 22000000 		.4byte	.LVL22
 729 02d1 D3010000 		.4byte	0x1d3
 730 02d5 00       		.byte	0
 731 02d6 0F       		.uleb128 0xf
 732 02d7 50000000 		.4byte	.LASF62
 733 02db 01       		.byte	0x1
 734 02dc 24       		.byte	0x24
 735 02dd 25000000 		.4byte	0x25
 736 02e1 00000000 		.4byte	.LFB63
 737 02e5 B2000000 		.4byte	.LFE63-.LFB63
 738 02e9 01       		.uleb128 0x1
 739 02ea 9C       		.byte	0x9c
 740 02eb 36050000 		.4byte	0x536
 741 02ef 10       		.uleb128 0x10
 742 02f0 3C010000 		.4byte	.LASF27
 743 02f4 01       		.byte	0x1
 744 02f5 29       		.byte	0x29
 745 02f6 25000000 		.4byte	0x25
 746 02fa 00       		.byte	0
 747 02fb 11       		.uleb128 0x11
 748 02fc 62010000 		.4byte	.LASF26
 749 0300 01       		.byte	0x1
 750 0301 2A       		.byte	0x2a
 751 0302 C0000000 		.4byte	0xc0
 752 0306 02       		.uleb128 0x2
ARM GAS  C:\Users\cleme\AppData\Local\Temp\ccvwyQbF.s 			page 18


 753 0307 91       		.byte	0x91
 754 0308 77       		.sleb128 -9
 755 0309 12       		.uleb128 0x12
 756 030a 64617900 		.ascii	"day\000"
 757 030e 01       		.byte	0x1
 758 030f 2B       		.byte	0x2b
 759 0310 C0000000 		.4byte	0xc0
 760 0314 00       		.byte	0
 761 0315 10       		.uleb128 0x10
 762 0316 33000000 		.4byte	.LASF28
 763 031a 01       		.byte	0x1
 764 031b 2C       		.byte	0x2c
 765 031c C0000000 		.4byte	0xc0
 766 0320 00       		.byte	0
 767 0321 13       		.uleb128 0x13
 768 0322 93010000 		.4byte	.LASF29
 769 0326 01       		.byte	0x1
 770 0327 2D       		.byte	0x2d
 771 0328 CB000000 		.4byte	0xcb
 772 032c 80F77E   		.sleb128 -17536
 773 032f 10       		.uleb128 0x10
 774 0330 A5000000 		.4byte	.LASF30
 775 0334 01       		.byte	0x1
 776 0335 2E       		.byte	0x2e
 777 0336 E1000000 		.4byte	0xe1
 778 033a 00       		.byte	0
 779 033b 10       		.uleb128 0x10
 780 033c 6B000000 		.4byte	.LASF31
 781 0340 01       		.byte	0x1
 782 0341 2F       		.byte	0x2f
 783 0342 E1000000 		.4byte	0xe1
 784 0346 00       		.byte	0
 785 0347 14       		.uleb128 0x14
 786 0348 6B657900 		.ascii	"key\000"
 787 034c 01       		.byte	0x1
 788 034d 32       		.byte	0x32
 789 034e AB000000 		.4byte	0xab
 790 0352 02       		.uleb128 0x2
 791 0353 91       		.byte	0x91
 792 0354 76       		.sleb128 -10
 793 0355 12       		.uleb128 0x12
 794 0356 636E7400 		.ascii	"cnt\000"
 795 035a 01       		.byte	0x1
 796 035b 33       		.byte	0x33
 797 035c CB000000 		.4byte	0xcb
 798 0360 00       		.byte	0
 799 0361 15       		.uleb128 0x15
 800 0362 54000000 		.4byte	.LBB2
 801 0366 5C000000 		.4byte	.LBE2-.LBB2
 802 036a 8E040000 		.4byte	0x48e
 803 036e 16       		.uleb128 0x16
 804 036f 11000000 		.4byte	.LASF25
 805 0373 01       		.byte	0x1
 806 0374 75       		.byte	0x75
 807 0375 25000000 		.4byte	0x25
 808 0379 7F030000 		.4byte	0x37f
 809 037d 17       		.uleb128 0x17
ARM GAS  C:\Users\cleme\AppData\Local\Temp\ccvwyQbF.s 			page 19


 810 037e 00       		.byte	0
 811 037f 15       		.uleb128 0x15
 812 0380 68000000 		.4byte	.LBB3
 813 0384 08000000 		.4byte	.LBE3-.LBB3
 814 0388 AE030000 		.4byte	0x3ae
 815 038c 16       		.uleb128 0x16
 816 038d 4B000000 		.4byte	.LASF24
 817 0391 01       		.byte	0x1
 818 0392 61       		.byte	0x61
 819 0393 25000000 		.4byte	0x25
 820 0397 9D030000 		.4byte	0x39d
 821 039b 17       		.uleb128 0x17
 822 039c 00       		.byte	0
 823 039d 0B       		.uleb128 0xb
 824 039e 70000000 		.4byte	.LVL41
 825 03a2 04010000 		.4byte	0x104
 826 03a6 0A       		.uleb128 0xa
 827 03a7 01       		.uleb128 0x1
 828 03a8 50       		.byte	0x50
 829 03a9 02       		.uleb128 0x2
 830 03aa 91       		.byte	0x91
 831 03ab 77       		.sleb128 -9
 832 03ac 00       		.byte	0
 833 03ad 00       		.byte	0
 834 03ae 15       		.uleb128 0x15
 835 03af 78000000 		.4byte	.LBB4
 836 03b3 04000000 		.4byte	.LBE4-.LBB4
 837 03b7 D6030000 		.4byte	0x3d6
 838 03bb 16       		.uleb128 0x16
 839 03bc C6020000 		.4byte	.LASF32
 840 03c0 01       		.byte	0x1
 841 03c1 64       		.byte	0x64
 842 03c2 25000000 		.4byte	0x25
 843 03c6 CC030000 		.4byte	0x3cc
 844 03ca 17       		.uleb128 0x17
 845 03cb 00       		.byte	0
 846 03cc 0E       		.uleb128 0xe
 847 03cd 7C000000 		.4byte	.LVL43
 848 03d1 D3010000 		.4byte	0x1d3
 849 03d5 00       		.byte	0
 850 03d6 09       		.uleb128 0x9
 851 03d7 5C000000 		.4byte	.LVL38
 852 03db 6E050000 		.4byte	0x56e
 853 03df EF030000 		.4byte	0x3ef
 854 03e3 0A       		.uleb128 0xa
 855 03e4 01       		.uleb128 0x1
 856 03e5 50       		.byte	0x50
 857 03e6 02       		.uleb128 0x2
 858 03e7 74       		.byte	0x74
 859 03e8 00       		.sleb128 0
 860 03e9 0A       		.uleb128 0xa
 861 03ea 01       		.uleb128 0x1
 862 03eb 51       		.byte	0x51
 863 03ec 01       		.uleb128 0x1
 864 03ed 30       		.byte	0x30
 865 03ee 00       		.byte	0
 866 03ef 09       		.uleb128 0x9
ARM GAS  C:\Users\cleme\AppData\Local\Temp\ccvwyQbF.s 			page 20


 867 03f0 62000000 		.4byte	.LVL39
 868 03f4 C6050000 		.4byte	0x5c6
 869 03f8 02040000 		.4byte	0x402
 870 03fc 0A       		.uleb128 0xa
 871 03fd 01       		.uleb128 0x1
 872 03fe 50       		.byte	0x50
 873 03ff 01       		.uleb128 0x1
 874 0400 30       		.byte	0x30
 875 0401 00       		.byte	0
 876 0402 0E       		.uleb128 0xe
 877 0403 66000000 		.4byte	.LVL40
 878 0407 D1050000 		.4byte	0x5d1
 879 040b 0E       		.uleb128 0xe
 880 040c 76000000 		.4byte	.LVL42
 881 0410 DC050000 		.4byte	0x5dc
 882 0414 0E       		.uleb128 0xe
 883 0415 82000000 		.4byte	.LVL44
 884 0419 E7050000 		.4byte	0x5e7
 885 041d 09       		.uleb128 0x9
 886 041e 8A000000 		.4byte	.LVL45
 887 0422 F2050000 		.4byte	0x5f2
 888 0426 31040000 		.4byte	0x431
 889 042a 0A       		.uleb128 0xa
 890 042b 01       		.uleb128 0x1
 891 042c 50       		.byte	0x50
 892 042d 02       		.uleb128 0x2
 893 042e 74       		.byte	0x74
 894 042f 00       		.sleb128 0
 895 0430 00       		.byte	0
 896 0431 09       		.uleb128 0x9
 897 0432 98000000 		.4byte	.LVL46
 898 0436 8C020000 		.4byte	0x28c
 899 043a 45040000 		.4byte	0x445
 900 043e 0A       		.uleb128 0xa
 901 043f 01       		.uleb128 0x1
 902 0440 50       		.byte	0x50
 903 0441 02       		.uleb128 0x2
 904 0442 91       		.byte	0x91
 905 0443 76       		.sleb128 -10
 906 0444 00       		.byte	0
 907 0445 09       		.uleb128 0x9
 908 0446 9E000000 		.4byte	.LVL47
 909 044a 84050000 		.4byte	0x584
 910 044e 58040000 		.4byte	0x458
 911 0452 0A       		.uleb128 0xa
 912 0453 01       		.uleb128 0x1
 913 0454 50       		.byte	0x50
 914 0455 01       		.uleb128 0x1
 915 0456 30       		.byte	0x30
 916 0457 00       		.byte	0
 917 0458 09       		.uleb128 0x9
 918 0459 A4000000 		.4byte	.LVL48
 919 045d 8F050000 		.4byte	0x58f
 920 0461 6B040000 		.4byte	0x46b
 921 0465 0A       		.uleb128 0xa
 922 0466 01       		.uleb128 0x1
 923 0467 50       		.byte	0x50
ARM GAS  C:\Users\cleme\AppData\Local\Temp\ccvwyQbF.s 			page 21


 924 0468 01       		.uleb128 0x1
 925 0469 30       		.byte	0x30
 926 046a 00       		.byte	0
 927 046b 09       		.uleb128 0x9
 928 046c AA000000 		.4byte	.LVL49
 929 0470 A5050000 		.4byte	0x5a5
 930 0474 7E040000 		.4byte	0x47e
 931 0478 0A       		.uleb128 0xa
 932 0479 01       		.uleb128 0x1
 933 047a 50       		.byte	0x50
 934 047b 01       		.uleb128 0x1
 935 047c 30       		.byte	0x30
 936 047d 00       		.byte	0
 937 047e 0B       		.uleb128 0xb
 938 047f B0000000 		.4byte	.LVL50
 939 0483 B0050000 		.4byte	0x5b0
 940 0487 0A       		.uleb128 0xa
 941 0488 01       		.uleb128 0x1
 942 0489 50       		.byte	0x50
 943 048a 01       		.uleb128 0x1
 944 048b 30       		.byte	0x30
 945 048c 00       		.byte	0
 946 048d 00       		.byte	0
 947 048e 09       		.uleb128 0x9
 948 048f 1A000000 		.4byte	.LVL26
 949 0493 FD050000 		.4byte	0x5fd
 950 0497 A3040000 		.4byte	0x4a3
 951 049b 0A       		.uleb128 0xa
 952 049c 01       		.uleb128 0x1
 953 049d 50       		.byte	0x50
 954 049e 03       		.uleb128 0x3
 955 049f 0B       		.byte	0xb
 956 04a0 80BB     		.2byte	0xbb80
 957 04a2 00       		.byte	0
 958 04a3 09       		.uleb128 0x9
 959 04a4 22000000 		.4byte	.LVL27
 960 04a8 08060000 		.4byte	0x608
 961 04ac B8040000 		.4byte	0x4b8
 962 04b0 0A       		.uleb128 0xa
 963 04b1 01       		.uleb128 0x1
 964 04b2 50       		.byte	0x50
 965 04b3 03       		.uleb128 0x3
 966 04b4 0B       		.byte	0xb
 967 04b5 80BB     		.2byte	0xbb80
 968 04b7 00       		.byte	0
 969 04b8 0E       		.uleb128 0xe
 970 04b9 26000000 		.4byte	.LVL28
 971 04bd 13060000 		.4byte	0x613
 972 04c1 09       		.uleb128 0x9
 973 04c2 2C000000 		.4byte	.LVL29
 974 04c6 F2050000 		.4byte	0x5f2
 975 04ca D5040000 		.4byte	0x4d5
 976 04ce 0A       		.uleb128 0xa
 977 04cf 01       		.uleb128 0x1
 978 04d0 50       		.byte	0x50
 979 04d1 02       		.uleb128 0x2
 980 04d2 74       		.byte	0x74
ARM GAS  C:\Users\cleme\AppData\Local\Temp\ccvwyQbF.s 			page 22


 981 04d3 00       		.sleb128 0
 982 04d4 00       		.byte	0
 983 04d5 0E       		.uleb128 0xe
 984 04d6 30000000 		.4byte	.LVL30
 985 04da 1E060000 		.4byte	0x61e
 986 04de 0E       		.uleb128 0xe
 987 04df 34000000 		.4byte	.LVL31
 988 04e3 29060000 		.4byte	0x629
 989 04e7 0E       		.uleb128 0xe
 990 04e8 38000000 		.4byte	.LVL32
 991 04ec 34060000 		.4byte	0x634
 992 04f0 0E       		.uleb128 0xe
 993 04f1 3C000000 		.4byte	.LVL33
 994 04f5 3F060000 		.4byte	0x63f
 995 04f9 0E       		.uleb128 0xe
 996 04fa 40000000 		.4byte	.LVL34
 997 04fe 4A060000 		.4byte	0x64a
 998 0502 09       		.uleb128 0x9
 999 0503 48000000 		.4byte	.LVL35
 1000 0507 58050000 		.4byte	0x558
 1001 050b 17050000 		.4byte	0x517
 1002 050f 0A       		.uleb128 0xa
 1003 0510 01       		.uleb128 0x1
 1004 0511 50       		.byte	0x50
 1005 0512 03       		.uleb128 0x3
 1006 0513 0A       		.byte	0xa
 1007 0514 B80B     		.2byte	0xbb8
 1008 0516 00       		.byte	0
 1009 0517 09       		.uleb128 0x9
 1010 0518 50000000 		.4byte	.LVL36
 1011 051c 9A050000 		.4byte	0x59a
 1012 0520 2C050000 		.4byte	0x52c
 1013 0524 0A       		.uleb128 0xa
 1014 0525 01       		.uleb128 0x1
 1015 0526 50       		.byte	0x50
 1016 0527 03       		.uleb128 0x3
 1017 0528 0A       		.byte	0xa
 1018 0529 B80B     		.2byte	0xbb8
 1019 052b 00       		.byte	0
 1020 052c 0E       		.uleb128 0xe
 1021 052d 54000000 		.4byte	.LVL37
 1022 0531 55060000 		.4byte	0x655
 1023 0535 00       		.byte	0
 1024 0536 18       		.uleb128 0x18
 1025 0537 D2020000 		.4byte	.LASF33
 1026 053b 05       		.byte	0x5
 1027 053c 1207     		.2byte	0x712
 1028 053e 42050000 		.4byte	0x542
 1029 0542 19       		.uleb128 0x19
 1030 0543 D6000000 		.4byte	0xd6
 1031 0547 1A       		.uleb128 0x1a
 1032 0548 BF020000 		.4byte	.LASF34
 1033 054c 01       		.byte	0x1
 1034 054d 11       		.byte	0x11
 1035 054e EC000000 		.4byte	0xec
 1036 0552 05       		.uleb128 0x5
 1037 0553 03       		.byte	0x3
ARM GAS  C:\Users\cleme\AppData\Local\Temp\ccvwyQbF.s 			page 23


 1038 0554 00000000 		.4byte	rxData
 1039 0558 1B       		.uleb128 0x1b
 1040 0559 B8000000 		.4byte	.LASF35
 1041 055d B8000000 		.4byte	.LASF35
 1042 0561 06       		.byte	0x6
 1043 0562 C3       		.byte	0xc3
 1044 0563 1B       		.uleb128 0x1b
 1045 0564 6D030000 		.4byte	.LASF36
 1046 0568 6D030000 		.4byte	.LASF36
 1047 056c 07       		.byte	0x7
 1048 056d 76       		.byte	0x76
 1049 056e 1B       		.uleb128 0x1b
 1050 056f B2020000 		.4byte	.LASF37
 1051 0573 B2020000 		.4byte	.LASF37
 1052 0577 08       		.byte	0x8
 1053 0578 3D       		.byte	0x3d
 1054 0579 1B       		.uleb128 0x1b
 1055 057a 7A010000 		.4byte	.LASF38
 1056 057e 7A010000 		.4byte	.LASF38
 1057 0582 08       		.byte	0x8
 1058 0583 3C       		.byte	0x3c
 1059 0584 1B       		.uleb128 0x1b
 1060 0585 3D020000 		.4byte	.LASF39
 1061 0589 3D020000 		.4byte	.LASF39
 1062 058d 09       		.byte	0x9
 1063 058e 26       		.byte	0x26
 1064 058f 1B       		.uleb128 0x1b
 1065 0590 A7020000 		.4byte	.LASF40
 1066 0594 A7020000 		.4byte	.LASF40
 1067 0598 0A       		.byte	0xa
 1068 0599 26       		.byte	0x26
 1069 059a 1B       		.uleb128 0x1b
 1070 059b 39000000 		.4byte	.LASF41
 1071 059f 39000000 		.4byte	.LASF41
 1072 05a3 0B       		.byte	0xb
 1073 05a4 C3       		.byte	0xc3
 1074 05a5 1B       		.uleb128 0x1b
 1075 05a6 F1000000 		.4byte	.LASF42
 1076 05aa F1000000 		.4byte	.LASF42
 1077 05ae 0C       		.byte	0xc
 1078 05af 26       		.byte	0x26
 1079 05b0 1B       		.uleb128 0x1b
 1080 05b1 75030000 		.4byte	.LASF43
 1081 05b5 75030000 		.4byte	.LASF43
 1082 05b9 0D       		.byte	0xd
 1083 05ba 26       		.byte	0x26
 1084 05bb 1B       		.uleb128 0x1b
 1085 05bc 07020000 		.4byte	.LASF44
 1086 05c0 07020000 		.4byte	.LASF44
 1087 05c4 0E       		.byte	0xe
 1088 05c5 07       		.byte	0x7
 1089 05c6 1B       		.uleb128 0x1b
 1090 05c7 12020000 		.4byte	.LASF45
 1091 05cb 12020000 		.4byte	.LASF45
 1092 05cf 08       		.byte	0x8
 1093 05d0 61       		.byte	0x61
 1094 05d1 1B       		.uleb128 0x1b
ARM GAS  C:\Users\cleme\AppData\Local\Temp\ccvwyQbF.s 			page 24


 1095 05d2 4F020000 		.4byte	.LASF46
 1096 05d6 4F020000 		.4byte	.LASF46
 1097 05da 0F       		.byte	0xf
 1098 05db 29       		.byte	0x29
 1099 05dc 1B       		.uleb128 0x1b
 1100 05dd 94000000 		.4byte	.LASF47
 1101 05e1 94000000 		.4byte	.LASF47
 1102 05e5 10       		.byte	0x10
 1103 05e6 29       		.byte	0x29
 1104 05e7 1B       		.uleb128 0x1b
 1105 05e8 FC000000 		.4byte	.LASF48
 1106 05ec FC000000 		.4byte	.LASF48
 1107 05f0 11       		.byte	0x11
 1108 05f1 29       		.byte	0x29
 1109 05f2 1B       		.uleb128 0x1b
 1110 05f3 00000000 		.4byte	.LASF49
 1111 05f7 00000000 		.4byte	.LASF49
 1112 05fb 08       		.byte	0x8
 1113 05fc 3A       		.byte	0x3a
 1114 05fd 1B       		.uleb128 0x1b
 1115 05fe 78000000 		.4byte	.LASF50
 1116 0602 78000000 		.4byte	.LASF50
 1117 0606 06       		.byte	0x6
 1118 0607 BE       		.byte	0xbe
 1119 0608 1B       		.uleb128 0x1b
 1120 0609 11010000 		.4byte	.LASF51
 1121 060d 11010000 		.4byte	.LASF51
 1122 0611 0B       		.byte	0xb
 1123 0612 BE       		.byte	0xbe
 1124 0613 1B       		.uleb128 0x1b
 1125 0614 9D020000 		.4byte	.LASF52
 1126 0618 9D020000 		.4byte	.LASF52
 1127 061c 08       		.byte	0x8
 1128 061d 38       		.byte	0x38
 1129 061e 1B       		.uleb128 0x1b
 1130 061f DE000000 		.4byte	.LASF53
 1131 0623 DE000000 		.4byte	.LASF53
 1132 0627 12       		.byte	0x12
 1133 0628 3A       		.byte	0x3a
 1134 0629 1B       		.uleb128 0x1b
 1135 062a 2A020000 		.4byte	.LASF54
 1136 062e 2A020000 		.4byte	.LASF54
 1137 0632 13       		.byte	0x13
 1138 0633 54       		.byte	0x54
 1139 0634 1B       		.uleb128 0x1b
 1140 0635 7C020000 		.4byte	.LASF55
 1141 0639 7C020000 		.4byte	.LASF55
 1142 063d 0E       		.byte	0xe
 1143 063e 06       		.byte	0x6
 1144 063f 1B       		.uleb128 0x1b
 1145 0640 89000000 		.4byte	.LASF56
 1146 0644 89000000 		.4byte	.LASF56
 1147 0648 06       		.byte	0x6
 1148 0649 92       		.byte	0x92
 1149 064a 1B       		.uleb128 0x1b
 1150 064b 71020000 		.4byte	.LASF57
 1151 064f 71020000 		.4byte	.LASF57
ARM GAS  C:\Users\cleme\AppData\Local\Temp\ccvwyQbF.s 			page 25


 1152 0653 0B       		.byte	0xb
 1153 0654 92       		.byte	0x92
 1154 0655 1B       		.uleb128 0x1b
 1155 0656 87020000 		.4byte	.LASF58
 1156 065a 87020000 		.4byte	.LASF58
 1157 065e 14       		.byte	0x14
 1158 065f 5A       		.byte	0x5a
 1159 0660 00       		.byte	0
 1160              		.section	.debug_abbrev,"",%progbits
 1161              	.Ldebug_abbrev0:
 1162 0000 01       		.uleb128 0x1
 1163 0001 11       		.uleb128 0x11
 1164 0002 01       		.byte	0x1
 1165 0003 25       		.uleb128 0x25
 1166 0004 0E       		.uleb128 0xe
 1167 0005 13       		.uleb128 0x13
 1168 0006 0B       		.uleb128 0xb
 1169 0007 03       		.uleb128 0x3
 1170 0008 0E       		.uleb128 0xe
 1171 0009 1B       		.uleb128 0x1b
 1172 000a 0E       		.uleb128 0xe
 1173 000b 55       		.uleb128 0x55
 1174 000c 17       		.uleb128 0x17
 1175 000d 11       		.uleb128 0x11
 1176 000e 01       		.uleb128 0x1
 1177 000f 10       		.uleb128 0x10
 1178 0010 17       		.uleb128 0x17
 1179 0011 00       		.byte	0
 1180 0012 00       		.byte	0
 1181 0013 02       		.uleb128 0x2
 1182 0014 24       		.uleb128 0x24
 1183 0015 00       		.byte	0
 1184 0016 0B       		.uleb128 0xb
 1185 0017 0B       		.uleb128 0xb
 1186 0018 3E       		.uleb128 0x3e
 1187 0019 0B       		.uleb128 0xb
 1188 001a 03       		.uleb128 0x3
 1189 001b 08       		.uleb128 0x8
 1190 001c 00       		.byte	0
 1191 001d 00       		.byte	0
 1192 001e 03       		.uleb128 0x3
 1193 001f 24       		.uleb128 0x24
 1194 0020 00       		.byte	0
 1195 0021 0B       		.uleb128 0xb
 1196 0022 0B       		.uleb128 0xb
 1197 0023 3E       		.uleb128 0x3e
 1198 0024 0B       		.uleb128 0xb
 1199 0025 03       		.uleb128 0x3
 1200 0026 0E       		.uleb128 0xe
 1201 0027 00       		.byte	0
 1202 0028 00       		.byte	0
 1203 0029 04       		.uleb128 0x4
 1204 002a 16       		.uleb128 0x16
 1205 002b 00       		.byte	0
 1206 002c 03       		.uleb128 0x3
 1207 002d 0E       		.uleb128 0xe
 1208 002e 3A       		.uleb128 0x3a
ARM GAS  C:\Users\cleme\AppData\Local\Temp\ccvwyQbF.s 			page 26


 1209 002f 0B       		.uleb128 0xb
 1210 0030 3B       		.uleb128 0x3b
 1211 0031 0B       		.uleb128 0xb
 1212 0032 49       		.uleb128 0x49
 1213 0033 13       		.uleb128 0x13
 1214 0034 00       		.byte	0
 1215 0035 00       		.byte	0
 1216 0036 05       		.uleb128 0x5
 1217 0037 0F       		.uleb128 0xf
 1218 0038 00       		.byte	0
 1219 0039 0B       		.uleb128 0xb
 1220 003a 0B       		.uleb128 0xb
 1221 003b 49       		.uleb128 0x49
 1222 003c 13       		.uleb128 0x13
 1223 003d 00       		.byte	0
 1224 003e 00       		.byte	0
 1225 003f 06       		.uleb128 0x6
 1226 0040 16       		.uleb128 0x16
 1227 0041 00       		.byte	0
 1228 0042 03       		.uleb128 0x3
 1229 0043 0E       		.uleb128 0xe
 1230 0044 3A       		.uleb128 0x3a
 1231 0045 0B       		.uleb128 0xb
 1232 0046 3B       		.uleb128 0x3b
 1233 0047 05       		.uleb128 0x5
 1234 0048 49       		.uleb128 0x49
 1235 0049 13       		.uleb128 0x13
 1236 004a 00       		.byte	0
 1237 004b 00       		.byte	0
 1238 004c 07       		.uleb128 0x7
 1239 004d 2E       		.uleb128 0x2e
 1240 004e 01       		.byte	0x1
 1241 004f 3F       		.uleb128 0x3f
 1242 0050 19       		.uleb128 0x19
 1243 0051 03       		.uleb128 0x3
 1244 0052 0E       		.uleb128 0xe
 1245 0053 3A       		.uleb128 0x3a
 1246 0054 0B       		.uleb128 0xb
 1247 0055 3B       		.uleb128 0x3b
 1248 0056 0B       		.uleb128 0xb
 1249 0057 27       		.uleb128 0x27
 1250 0058 19       		.uleb128 0x19
 1251 0059 11       		.uleb128 0x11
 1252 005a 01       		.uleb128 0x1
 1253 005b 12       		.uleb128 0x12
 1254 005c 06       		.uleb128 0x6
 1255 005d 40       		.uleb128 0x40
 1256 005e 18       		.uleb128 0x18
 1257 005f 9742     		.uleb128 0x2117
 1258 0061 19       		.uleb128 0x19
 1259 0062 01       		.uleb128 0x1
 1260 0063 13       		.uleb128 0x13
 1261 0064 00       		.byte	0
 1262 0065 00       		.byte	0
 1263 0066 08       		.uleb128 0x8
 1264 0067 05       		.uleb128 0x5
 1265 0068 00       		.byte	0
ARM GAS  C:\Users\cleme\AppData\Local\Temp\ccvwyQbF.s 			page 27


 1266 0069 03       		.uleb128 0x3
 1267 006a 0E       		.uleb128 0xe
 1268 006b 3A       		.uleb128 0x3a
 1269 006c 0B       		.uleb128 0xb
 1270 006d 3B       		.uleb128 0x3b
 1271 006e 0B       		.uleb128 0xb
 1272 006f 49       		.uleb128 0x49
 1273 0070 13       		.uleb128 0x13
 1274 0071 02       		.uleb128 0x2
 1275 0072 17       		.uleb128 0x17
 1276 0073 00       		.byte	0
 1277 0074 00       		.byte	0
 1278 0075 09       		.uleb128 0x9
 1279 0076 898201   		.uleb128 0x4109
 1280 0079 01       		.byte	0x1
 1281 007a 11       		.uleb128 0x11
 1282 007b 01       		.uleb128 0x1
 1283 007c 31       		.uleb128 0x31
 1284 007d 13       		.uleb128 0x13
 1285 007e 01       		.uleb128 0x1
 1286 007f 13       		.uleb128 0x13
 1287 0080 00       		.byte	0
 1288 0081 00       		.byte	0
 1289 0082 0A       		.uleb128 0xa
 1290 0083 8A8201   		.uleb128 0x410a
 1291 0086 00       		.byte	0
 1292 0087 02       		.uleb128 0x2
 1293 0088 18       		.uleb128 0x18
 1294 0089 9142     		.uleb128 0x2111
 1295 008b 18       		.uleb128 0x18
 1296 008c 00       		.byte	0
 1297 008d 00       		.byte	0
 1298 008e 0B       		.uleb128 0xb
 1299 008f 898201   		.uleb128 0x4109
 1300 0092 01       		.byte	0x1
 1301 0093 11       		.uleb128 0x11
 1302 0094 01       		.uleb128 0x1
 1303 0095 31       		.uleb128 0x31
 1304 0096 13       		.uleb128 0x13
 1305 0097 00       		.byte	0
 1306 0098 00       		.byte	0
 1307 0099 0C       		.uleb128 0xc
 1308 009a 2E       		.uleb128 0x2e
 1309 009b 01       		.byte	0x1
 1310 009c 3F       		.uleb128 0x3f
 1311 009d 19       		.uleb128 0x19
 1312 009e 03       		.uleb128 0x3
 1313 009f 0E       		.uleb128 0xe
 1314 00a0 3A       		.uleb128 0x3a
 1315 00a1 0B       		.uleb128 0xb
 1316 00a2 3B       		.uleb128 0x3b
 1317 00a3 0B       		.uleb128 0xb
 1318 00a4 11       		.uleb128 0x11
 1319 00a5 01       		.uleb128 0x1
 1320 00a6 12       		.uleb128 0x12
 1321 00a7 06       		.uleb128 0x6
 1322 00a8 40       		.uleb128 0x40
ARM GAS  C:\Users\cleme\AppData\Local\Temp\ccvwyQbF.s 			page 28


 1323 00a9 18       		.uleb128 0x18
 1324 00aa 9742     		.uleb128 0x2117
 1325 00ac 19       		.uleb128 0x19
 1326 00ad 01       		.uleb128 0x1
 1327 00ae 13       		.uleb128 0x13
 1328 00af 00       		.byte	0
 1329 00b0 00       		.byte	0
 1330 00b1 0D       		.uleb128 0xd
 1331 00b2 05       		.uleb128 0x5
 1332 00b3 00       		.byte	0
 1333 00b4 03       		.uleb128 0x3
 1334 00b5 08       		.uleb128 0x8
 1335 00b6 3A       		.uleb128 0x3a
 1336 00b7 0B       		.uleb128 0xb
 1337 00b8 3B       		.uleb128 0x3b
 1338 00b9 0B       		.uleb128 0xb
 1339 00ba 49       		.uleb128 0x49
 1340 00bb 13       		.uleb128 0x13
 1341 00bc 02       		.uleb128 0x2
 1342 00bd 17       		.uleb128 0x17
 1343 00be 00       		.byte	0
 1344 00bf 00       		.byte	0
 1345 00c0 0E       		.uleb128 0xe
 1346 00c1 898201   		.uleb128 0x4109
 1347 00c4 00       		.byte	0
 1348 00c5 11       		.uleb128 0x11
 1349 00c6 01       		.uleb128 0x1
 1350 00c7 31       		.uleb128 0x31
 1351 00c8 13       		.uleb128 0x13
 1352 00c9 00       		.byte	0
 1353 00ca 00       		.byte	0
 1354 00cb 0F       		.uleb128 0xf
 1355 00cc 2E       		.uleb128 0x2e
 1356 00cd 01       		.byte	0x1
 1357 00ce 3F       		.uleb128 0x3f
 1358 00cf 19       		.uleb128 0x19
 1359 00d0 03       		.uleb128 0x3
 1360 00d1 0E       		.uleb128 0xe
 1361 00d2 3A       		.uleb128 0x3a
 1362 00d3 0B       		.uleb128 0xb
 1363 00d4 3B       		.uleb128 0x3b
 1364 00d5 0B       		.uleb128 0xb
 1365 00d6 27       		.uleb128 0x27
 1366 00d7 19       		.uleb128 0x19
 1367 00d8 49       		.uleb128 0x49
 1368 00d9 13       		.uleb128 0x13
 1369 00da 8701     		.uleb128 0x87
 1370 00dc 19       		.uleb128 0x19
 1371 00dd 11       		.uleb128 0x11
 1372 00de 01       		.uleb128 0x1
 1373 00df 12       		.uleb128 0x12
 1374 00e0 06       		.uleb128 0x6
 1375 00e1 40       		.uleb128 0x40
 1376 00e2 18       		.uleb128 0x18
 1377 00e3 9742     		.uleb128 0x2117
 1378 00e5 19       		.uleb128 0x19
 1379 00e6 01       		.uleb128 0x1
ARM GAS  C:\Users\cleme\AppData\Local\Temp\ccvwyQbF.s 			page 29


 1380 00e7 13       		.uleb128 0x13
 1381 00e8 00       		.byte	0
 1382 00e9 00       		.byte	0
 1383 00ea 10       		.uleb128 0x10
 1384 00eb 34       		.uleb128 0x34
 1385 00ec 00       		.byte	0
 1386 00ed 03       		.uleb128 0x3
 1387 00ee 0E       		.uleb128 0xe
 1388 00ef 3A       		.uleb128 0x3a
 1389 00f0 0B       		.uleb128 0xb
 1390 00f1 3B       		.uleb128 0x3b
 1391 00f2 0B       		.uleb128 0xb
 1392 00f3 49       		.uleb128 0x49
 1393 00f4 13       		.uleb128 0x13
 1394 00f5 1C       		.uleb128 0x1c
 1395 00f6 0B       		.uleb128 0xb
 1396 00f7 00       		.byte	0
 1397 00f8 00       		.byte	0
 1398 00f9 11       		.uleb128 0x11
 1399 00fa 34       		.uleb128 0x34
 1400 00fb 00       		.byte	0
 1401 00fc 03       		.uleb128 0x3
 1402 00fd 0E       		.uleb128 0xe
 1403 00fe 3A       		.uleb128 0x3a
 1404 00ff 0B       		.uleb128 0xb
 1405 0100 3B       		.uleb128 0x3b
 1406 0101 0B       		.uleb128 0xb
 1407 0102 49       		.uleb128 0x49
 1408 0103 13       		.uleb128 0x13
 1409 0104 02       		.uleb128 0x2
 1410 0105 18       		.uleb128 0x18
 1411 0106 00       		.byte	0
 1412 0107 00       		.byte	0
 1413 0108 12       		.uleb128 0x12
 1414 0109 34       		.uleb128 0x34
 1415 010a 00       		.byte	0
 1416 010b 03       		.uleb128 0x3
 1417 010c 08       		.uleb128 0x8
 1418 010d 3A       		.uleb128 0x3a
 1419 010e 0B       		.uleb128 0xb
 1420 010f 3B       		.uleb128 0x3b
 1421 0110 0B       		.uleb128 0xb
 1422 0111 49       		.uleb128 0x49
 1423 0112 13       		.uleb128 0x13
 1424 0113 1C       		.uleb128 0x1c
 1425 0114 0B       		.uleb128 0xb
 1426 0115 00       		.byte	0
 1427 0116 00       		.byte	0
 1428 0117 13       		.uleb128 0x13
 1429 0118 34       		.uleb128 0x34
 1430 0119 00       		.byte	0
 1431 011a 03       		.uleb128 0x3
 1432 011b 0E       		.uleb128 0xe
 1433 011c 3A       		.uleb128 0x3a
 1434 011d 0B       		.uleb128 0xb
 1435 011e 3B       		.uleb128 0x3b
 1436 011f 0B       		.uleb128 0xb
ARM GAS  C:\Users\cleme\AppData\Local\Temp\ccvwyQbF.s 			page 30


 1437 0120 49       		.uleb128 0x49
 1438 0121 13       		.uleb128 0x13
 1439 0122 1C       		.uleb128 0x1c
 1440 0123 0D       		.uleb128 0xd
 1441 0124 00       		.byte	0
 1442 0125 00       		.byte	0
 1443 0126 14       		.uleb128 0x14
 1444 0127 34       		.uleb128 0x34
 1445 0128 00       		.byte	0
 1446 0129 03       		.uleb128 0x3
 1447 012a 08       		.uleb128 0x8
 1448 012b 3A       		.uleb128 0x3a
 1449 012c 0B       		.uleb128 0xb
 1450 012d 3B       		.uleb128 0x3b
 1451 012e 0B       		.uleb128 0xb
 1452 012f 49       		.uleb128 0x49
 1453 0130 13       		.uleb128 0x13
 1454 0131 02       		.uleb128 0x2
 1455 0132 18       		.uleb128 0x18
 1456 0133 00       		.byte	0
 1457 0134 00       		.byte	0
 1458 0135 15       		.uleb128 0x15
 1459 0136 0B       		.uleb128 0xb
 1460 0137 01       		.byte	0x1
 1461 0138 11       		.uleb128 0x11
 1462 0139 01       		.uleb128 0x1
 1463 013a 12       		.uleb128 0x12
 1464 013b 06       		.uleb128 0x6
 1465 013c 01       		.uleb128 0x1
 1466 013d 13       		.uleb128 0x13
 1467 013e 00       		.byte	0
 1468 013f 00       		.byte	0
 1469 0140 16       		.uleb128 0x16
 1470 0141 2E       		.uleb128 0x2e
 1471 0142 01       		.byte	0x1
 1472 0143 3F       		.uleb128 0x3f
 1473 0144 19       		.uleb128 0x19
 1474 0145 03       		.uleb128 0x3
 1475 0146 0E       		.uleb128 0xe
 1476 0147 3A       		.uleb128 0x3a
 1477 0148 0B       		.uleb128 0xb
 1478 0149 3B       		.uleb128 0x3b
 1479 014a 0B       		.uleb128 0xb
 1480 014b 49       		.uleb128 0x49
 1481 014c 13       		.uleb128 0x13
 1482 014d 3C       		.uleb128 0x3c
 1483 014e 19       		.uleb128 0x19
 1484 014f 01       		.uleb128 0x1
 1485 0150 13       		.uleb128 0x13
 1486 0151 00       		.byte	0
 1487 0152 00       		.byte	0
 1488 0153 17       		.uleb128 0x17
 1489 0154 18       		.uleb128 0x18
 1490 0155 00       		.byte	0
 1491 0156 00       		.byte	0
 1492 0157 00       		.byte	0
 1493 0158 18       		.uleb128 0x18
ARM GAS  C:\Users\cleme\AppData\Local\Temp\ccvwyQbF.s 			page 31


 1494 0159 34       		.uleb128 0x34
 1495 015a 00       		.byte	0
 1496 015b 03       		.uleb128 0x3
 1497 015c 0E       		.uleb128 0xe
 1498 015d 3A       		.uleb128 0x3a
 1499 015e 0B       		.uleb128 0xb
 1500 015f 3B       		.uleb128 0x3b
 1501 0160 05       		.uleb128 0x5
 1502 0161 49       		.uleb128 0x49
 1503 0162 13       		.uleb128 0x13
 1504 0163 3F       		.uleb128 0x3f
 1505 0164 19       		.uleb128 0x19
 1506 0165 3C       		.uleb128 0x3c
 1507 0166 19       		.uleb128 0x19
 1508 0167 00       		.byte	0
 1509 0168 00       		.byte	0
 1510 0169 19       		.uleb128 0x19
 1511 016a 35       		.uleb128 0x35
 1512 016b 00       		.byte	0
 1513 016c 49       		.uleb128 0x49
 1514 016d 13       		.uleb128 0x13
 1515 016e 00       		.byte	0
 1516 016f 00       		.byte	0
 1517 0170 1A       		.uleb128 0x1a
 1518 0171 34       		.uleb128 0x34
 1519 0172 00       		.byte	0
 1520 0173 03       		.uleb128 0x3
 1521 0174 0E       		.uleb128 0xe
 1522 0175 3A       		.uleb128 0x3a
 1523 0176 0B       		.uleb128 0xb
 1524 0177 3B       		.uleb128 0x3b
 1525 0178 0B       		.uleb128 0xb
 1526 0179 49       		.uleb128 0x49
 1527 017a 13       		.uleb128 0x13
 1528 017b 3F       		.uleb128 0x3f
 1529 017c 19       		.uleb128 0x19
 1530 017d 02       		.uleb128 0x2
 1531 017e 18       		.uleb128 0x18
 1532 017f 00       		.byte	0
 1533 0180 00       		.byte	0
 1534 0181 1B       		.uleb128 0x1b
 1535 0182 2E       		.uleb128 0x2e
 1536 0183 00       		.byte	0
 1537 0184 3F       		.uleb128 0x3f
 1538 0185 19       		.uleb128 0x19
 1539 0186 3C       		.uleb128 0x3c
 1540 0187 19       		.uleb128 0x19
 1541 0188 6E       		.uleb128 0x6e
 1542 0189 0E       		.uleb128 0xe
 1543 018a 03       		.uleb128 0x3
 1544 018b 0E       		.uleb128 0xe
 1545 018c 3A       		.uleb128 0x3a
 1546 018d 0B       		.uleb128 0xb
 1547 018e 3B       		.uleb128 0x3b
 1548 018f 0B       		.uleb128 0xb
 1549 0190 00       		.byte	0
 1550 0191 00       		.byte	0
ARM GAS  C:\Users\cleme\AppData\Local\Temp\ccvwyQbF.s 			page 32


 1551 0192 00       		.byte	0
 1552              		.section	.debug_loc,"",%progbits
 1553              	.Ldebug_loc0:
 1554              	.LLST0:
 1555 0000 00000000 		.4byte	.LVL0
 1556 0004 0E000000 		.4byte	.LVL1
 1557 0008 0100     		.2byte	0x1
 1558 000a 50       		.byte	0x50
 1559 000b 0E000000 		.4byte	.LVL1
 1560 000f 48000000 		.4byte	.LFE64
 1561 0013 0400     		.2byte	0x4
 1562 0015 F3       		.byte	0xf3
 1563 0016 01       		.uleb128 0x1
 1564 0017 50       		.byte	0x50
 1565 0018 9F       		.byte	0x9f
 1566 0019 00000000 		.4byte	0
 1567 001d 00000000 		.4byte	0
 1568              	.LLST1:
 1569 0021 00000000 		.4byte	.LVL18
 1570 0025 07000000 		.4byte	.LVL19-1
 1571 0029 0100     		.2byte	0x1
 1572 002b 50       		.byte	0x50
 1573 002c 07000000 		.4byte	.LVL19-1
 1574 0030 24000000 		.4byte	.LFE66
 1575 0034 0100     		.2byte	0x1
 1576 0036 54       		.byte	0x54
 1577 0037 00000000 		.4byte	0
 1578 003b 00000000 		.4byte	0
 1579              		.section	.debug_aranges,"",%progbits
 1580 0000 34000000 		.4byte	0x34
 1581 0004 0200     		.2byte	0x2
 1582 0006 00000000 		.4byte	.Ldebug_info0
 1583 000a 04       		.byte	0x4
 1584 000b 00       		.byte	0
 1585 000c 0000     		.2byte	0
 1586 000e 0000     		.2byte	0
 1587 0010 00000000 		.4byte	.LFB64
 1588 0014 48000000 		.4byte	.LFE64-.LFB64
 1589 0018 00000000 		.4byte	.LFB65
 1590 001c 40000000 		.4byte	.LFE65-.LFB65
 1591 0020 00000000 		.4byte	.LFB66
 1592 0024 24000000 		.4byte	.LFE66-.LFB66
 1593 0028 00000000 		.4byte	.LFB63
 1594 002c B2000000 		.4byte	.LFE63-.LFB63
 1595 0030 00000000 		.4byte	0
 1596 0034 00000000 		.4byte	0
 1597              		.section	.debug_ranges,"",%progbits
 1598              	.Ldebug_ranges0:
 1599 0000 00000000 		.4byte	.LFB64
 1600 0004 48000000 		.4byte	.LFE64
 1601 0008 00000000 		.4byte	.LFB65
 1602 000c 40000000 		.4byte	.LFE65
 1603 0010 00000000 		.4byte	.LFB66
 1604 0014 24000000 		.4byte	.LFE66
 1605 0018 00000000 		.4byte	.LFB63
 1606 001c B2000000 		.4byte	.LFE63
 1607 0020 00000000 		.4byte	0
ARM GAS  C:\Users\cleme\AppData\Local\Temp\ccvwyQbF.s 			page 33


 1608 0024 00000000 		.4byte	0
 1609              		.section	.debug_line,"",%progbits
 1610              	.Ldebug_line0:
 1611 0000 60020000 		.section	.debug_str,"MS",%progbits,1
 1611      0200E101 
 1611      00000201 
 1611      FB0E0D00 
 1611      01010101 
 1612              	.LASF49:
 1613 0000 4C43445F 		.ascii	"LCD_WriteControl\000"
 1613      57726974 
 1613      65436F6E 
 1613      74726F6C 
 1613      00
 1614              	.LASF25:
 1615 0011 64657465 		.ascii	"detectKeyboard\000"
 1615      63744B65 
 1615      79626F61 
 1615      726400
 1616              	.LASF5:
 1617 0020 73686F72 		.ascii	"short int\000"
 1617      7420696E 
 1617      7400
 1618              	.LASF14:
 1619 002a 73697A65 		.ascii	"sizetype\000"
 1619      74797065 
 1619      00
 1620              	.LASF28:
 1621 0033 6E696768 		.ascii	"night\000"
 1621      7400
 1622              	.LASF41:
 1623 0039 50574D32 		.ascii	"PWM2_WriteCompare\000"
 1623      5F577269 
 1623      7465436F 
 1623      6D706172 
 1623      6500
 1624              	.LASF24:
 1625 004b 6A756D70 		.ascii	"jump\000"
 1625      00
 1626              	.LASF62:
 1627 0050 6D61696E 		.ascii	"main\000"
 1627      00
 1628              	.LASF11:
 1629 0055 5F5F7569 		.ascii	"__uint32_t\000"
 1629      6E743332 
 1629      5F7400
 1630              	.LASF7:
 1631 0060 5F5F7569 		.ascii	"__uint16_t\000"
 1631      6E743136 
 1631      5F7400
 1632              	.LASF31:
 1633 006b 70686F74 		.ascii	"photoResVal2\000"
 1633      6F526573 
 1633      56616C32 
 1633      00
 1634              	.LASF50:
 1635 0078 50574D31 		.ascii	"PWM1_WritePeriod\000"
ARM GAS  C:\Users\cleme\AppData\Local\Temp\ccvwyQbF.s 			page 34


 1635      5F577269 
 1635      74655065 
 1635      72696F64 
 1635      00
 1636              	.LASF56:
 1637 0089 50574D31 		.ascii	"PWM1_Start\000"
 1637      5F537461 
 1637      727400
 1638              	.LASF47:
 1639 0094 5357325F 		.ascii	"SW2_Read\000"
 1639      52656164 
 1639      00
 1640              	.LASF18:
 1641 009d 75696E74 		.ascii	"uint8_t\000"
 1641      385F7400 
 1642              	.LASF30:
 1643 00a5 70686F74 		.ascii	"photoResVal1\000"
 1643      6F526573 
 1643      56616C31 
 1643      00
 1644              	.LASF22:
 1645 00b2 75696E74 		.ascii	"uint8\000"
 1645      3800
 1646              	.LASF35:
 1647 00b8 50574D31 		.ascii	"PWM1_WriteCompare\000"
 1647      5F577269 
 1647      7465436F 
 1647      6D706172 
 1647      6500
 1648              	.LASF17:
 1649 00ca 666C6F61 		.ascii	"float\000"
 1649      7400
 1650              	.LASF1:
 1651 00d0 6C6F6E67 		.ascii	"long long int\000"
 1651      206C6F6E 
 1651      6720696E 
 1651      7400
 1652              	.LASF53:
 1653 00de 4144435F 		.ascii	"ADC_Start\000"
 1653      53746172 
 1653      7400
 1654              	.LASF10:
 1655 00e8 6C6F6E67 		.ascii	"long int\000"
 1655      20696E74 
 1655      00
 1656              	.LASF42:
 1657 00f1 4C454433 		.ascii	"LED3_Write\000"
 1657      5F577269 
 1657      746500
 1658              	.LASF48:
 1659 00fc 5357335F 		.ascii	"SW3_Read\000"
 1659      52656164 
 1659      00
 1660              	.LASF2:
 1661 0105 6C6F6E67 		.ascii	"long double\000"
 1661      20646F75 
 1661      626C6500 
ARM GAS  C:\Users\cleme\AppData\Local\Temp\ccvwyQbF.s 			page 35


 1662              	.LASF51:
 1663 0111 50574D32 		.ascii	"PWM2_WritePeriod\000"
 1663      5F577269 
 1663      74655065 
 1663      72696F64 
 1663      00
 1664              	.LASF4:
 1665 0122 756E7369 		.ascii	"unsigned char\000"
 1665      676E6564 
 1665      20636861 
 1665      7200
 1666              	.LASF3:
 1667 0130 7369676E 		.ascii	"signed char\000"
 1667      65642063 
 1667      68617200 
 1668              	.LASF27:
 1669 013c 73636F72 		.ascii	"score\000"
 1669      6500
 1670              	.LASF13:
 1671 0142 6C6F6E67 		.ascii	"long long unsigned int\000"
 1671      206C6F6E 
 1671      6720756E 
 1671      7369676E 
 1671      65642069 
 1672              	.LASF21:
 1673 0159 75696E74 		.ascii	"uint32_t\000"
 1673      33325F74 
 1673      00
 1674              	.LASF26:
 1675 0162 66697273 		.ascii	"first_jump\000"
 1675      745F6A75 
 1675      6D7000
 1676              	.LASF0:
 1677 016d 756E7369 		.ascii	"unsigned int\000"
 1677      676E6564 
 1677      20696E74 
 1677      00
 1678              	.LASF38:
 1679 017a 4C43445F 		.ascii	"LCD_PrintString\000"
 1679      5072696E 
 1679      74537472 
 1679      696E6700 
 1680              	.LASF19:
 1681 018a 75696E74 		.ascii	"uint16_t\000"
 1681      31365F74 
 1681      00
 1682              	.LASF29:
 1683 0193 70776D5F 		.ascii	"pwm_period\000"
 1683      70657269 
 1683      6F6400
 1684              	.LASF61:
 1685 019e 433A5C55 		.ascii	"C:\\Users\\cleme\\Desktop\\Cours\\Q2\\Digital Elect"
 1685      73657273 
 1685      5C636C65 
 1685      6D655C44 
 1685      65736B74 
 1686 01cb 726F6E69 		.ascii	"ronics\\Projet\\never-lose\\NeverLose.cydsn\000"
ARM GAS  C:\Users\cleme\AppData\Local\Temp\ccvwyQbF.s 			page 36


 1686      63735C50 
 1686      726F6A65 
 1686      745C6E65 
 1686      7665722D 
 1687              	.LASF8:
 1688 01f4 73686F72 		.ascii	"short unsigned int\000"
 1688      7420756E 
 1688      7369676E 
 1688      65642069 
 1688      6E7400
 1689              	.LASF44:
 1690 0207 6B657970 		.ascii	"keypadScan\000"
 1690      61645363 
 1690      616E00
 1691              	.LASF45:
 1692 0212 4C43445F 		.ascii	"LCD_PrintU32Number\000"
 1692      5072696E 
 1692      74553332 
 1692      4E756D62 
 1692      657200
 1693              	.LASF15:
 1694 0225 63686172 		.ascii	"char\000"
 1694      00
 1695              	.LASF54:
 1696 022a 55415254 		.ascii	"UART_Start\000"
 1696      5F537461 
 1696      727400
 1697              	.LASF20:
 1698 0235 696E7433 		.ascii	"int32_t\000"
 1698      325F7400 
 1699              	.LASF39:
 1700 023d 4C454431 		.ascii	"LED1_Write\000"
 1700      5F577269 
 1700      746500
 1701              	.LASF23:
 1702 0248 75696E74 		.ascii	"uint16\000"
 1702      313600
 1703              	.LASF46:
 1704 024f 5357315F 		.ascii	"SW1_Read\000"
 1704      52656164 
 1704      00
 1705              	.LASF60:
 1706 0258 6D61696E 		.ascii	"main.c\000"
 1706      2E6300
 1707              	.LASF12:
 1708 025f 6C6F6E67 		.ascii	"long unsigned int\000"
 1708      20756E73 
 1708      69676E65 
 1708      6420696E 
 1708      7400
 1709              	.LASF57:
 1710 0271 50574D32 		.ascii	"PWM2_Start\000"
 1710      5F537461 
 1710      727400
 1711              	.LASF55:
 1712 027c 6B657970 		.ascii	"keypadInit\000"
 1712      6164496E 
ARM GAS  C:\Users\cleme\AppData\Local\Temp\ccvwyQbF.s 			page 37


 1712      697400
 1713              	.LASF58:
 1714 0287 54696D65 		.ascii	"Timer_Start\000"
 1714      725F5374 
 1714      61727400 
 1715              	.LASF9:
 1716 0293 5F5F696E 		.ascii	"__int32_t\000"
 1716      7433325F 
 1716      7400
 1717              	.LASF52:
 1718 029d 4C43445F 		.ascii	"LCD_Start\000"
 1718      53746172 
 1718      7400
 1719              	.LASF40:
 1720 02a7 4C454432 		.ascii	"LED2_Write\000"
 1720      5F577269 
 1720      746500
 1721              	.LASF37:
 1722 02b2 4C43445F 		.ascii	"LCD_Position\000"
 1722      506F7369 
 1722      74696F6E 
 1722      00
 1723              	.LASF34:
 1724 02bf 72784461 		.ascii	"rxData\000"
 1724      746100
 1725              	.LASF32:
 1726 02c6 6475636B 		.ascii	"duck\000"
 1726      00
 1727              	.LASF16:
 1728 02cb 646F7562 		.ascii	"double\000"
 1728      6C6500
 1729              	.LASF33:
 1730 02d2 49544D5F 		.ascii	"ITM_RxBuffer\000"
 1730      52784275 
 1730      66666572 
 1730      00
 1731              	.LASF59:
 1732 02df 474E5520 		.ascii	"GNU C11 5.4.1 20160609 (release) [ARM/embedded-5-br"
 1732      43313120 
 1732      352E342E 
 1732      31203230 
 1732      31363036 
 1733 0312 616E6368 		.ascii	"anch revision 237715] -mcpu=cortex-m3 -mthumb -g -O"
 1733      20726576 
 1733      6973696F 
 1733      6E203233 
 1733      37373135 
 1734 0345 67202D66 		.ascii	"g -ffunction-sections -ffat-lto-objects\000"
 1734      66756E63 
 1734      74696F6E 
 1734      2D736563 
 1734      74696F6E 
 1735              	.LASF36:
 1736 036d 43794465 		.ascii	"CyDelay\000"
 1736      6C617900 
 1737              	.LASF43:
 1738 0375 4C454434 		.ascii	"LED4_Write\000"
ARM GAS  C:\Users\cleme\AppData\Local\Temp\ccvwyQbF.s 			page 38


 1738      5F577269 
 1738      746500
 1739              	.LASF6:
 1740 0380 5F5F7569 		.ascii	"__uint8_t\000"
 1740      6E74385F 
 1740      7400
 1741              		.ident	"GCC: (GNU Tools for ARM Embedded Processors) 5.4.1 20160609 (release) [ARM/embedded-5-bran
