--------------- Build Started: 05/15/2023 16:50:21 Project: NeverLose, Configuration: ARM GCC 5.4-2016-q2-update Debug ---------------
The code generation step is up to date.
arm-none-eabi-gcc.exe -mcpu=cortex-m3 -mthumb -I. -IGenerated_Source\PSoC5 -Wa,-alh=.\CortexM3\ARM_GCC_541\Debug/main.lst -g -D DEBUG -D CY_CORE_ID=0 -Wall -ffunction-sections -ffat-lto-objects -Og -c main.c -o .\CortexM3\ARM_GCC_541\Debug\main.o
main.c: In function 'main':
main.c:97:12: warning: implicit declaration of function 'jump' [-Wimplicit-function-declaration]
            jump(&first_jump);
            ^
main.c:100:13: warning: implicit declaration of function 'duck' [-Wimplicit-function-declaration]
             duck();
             ^
main.c:117:9: warning: implicit declaration of function 'detectKeyboard' [-Wimplicit-function-declaration]
         detectKeyboard(&key);
         ^
main.c:51:14: warning: unused variable 'cnt' [-Wunused-variable]
     uint16_t cnt = 0;
              ^
main.c:47:14: warning: unused variable 'photoResVal2' [-Wunused-variable]
     uint32_t photoResVal2 = 0;
              ^
main.c:46:14: warning: unused variable 'photoResVal1' [-Wunused-variable]
     uint32_t photoResVal1 = 0;
              ^
main.c:44:13: warning: unused variable 'night' [-Wunused-variable]
     uint8_t night = 0;
             ^
main.c:43:13: warning: unused variable 'day' [-Wunused-variable]
     uint8_t day = 0;
             ^
main.c: At top level:
main.c:129:6: warning: conflicting types for 'jump'
 void jump(uint8_t* first_jump){
      ^
main.c:97:12: note: previous implicit declaration of 'jump' was here
            jump(&first_jump);
            ^
main.c:152:6: warning: conflicting types for 'duck'
 void duck(){
      ^
main.c:100:13: note: previous implicit declaration of 'duck' was here
             duck();
             ^
main.c:175:6: warning: conflicting types for 'detectKeyboard'
 void detectKeyboard(char* key){
      ^
main.c:117:9: note: previous implicit declaration of 'detectKeyboard' was here
         detectKeyboard(&key);
         ^
arm-none-eabi-gcc.exe -mcpu=cortex-m3 -mthumb -I. -IGenerated_Source\PSoC5 -Wa,-alh=.\CortexM3\ARM_GCC_541\Debug/keypad.lst -g -D DEBUG -D CY_CORE_ID=0 -Wall -ffunction-sections -ffat-lto-objects -Og -c keypad.c -o .\CortexM3\ARM_GCC_541\Debug\keypad.o
arm-none-eabi-ar.exe -rs .\CortexM3\ARM_GCC_541\Debug\NeverLose.a .\CortexM3\ARM_GCC_541\Debug\SW1.o .\CortexM3\ARM_GCC_541\Debug\SW2.o .\CortexM3\ARM_GCC_541\Debug\SW3.o .\CortexM3\ARM_GCC_541\Debug\SW4.o .\CortexM3\ARM_GCC_541\Debug\LED1.o .\CortexM3\ARM_GCC_541\Debug\LED2.o .\CortexM3\ARM_GCC_541\Debug\LED3.o .\CortexM3\ARM_GCC_541\Debug\LED4.o .\CortexM3\ARM_GCC_541\Debug\POT.o .\CortexM3\ARM_GCC_541\Debug\ADC.o .\CortexM3\ARM_GCC_541\Debug\ADC_PM.o .\CortexM3\ARM_GCC_541\Debug\ADC_INT.o .\CortexM3\ARM_GCC_541\Debug\CLK24MHz.o .\CortexM3\ARM_GCC_541\Debug\LCD.o .\CortexM3\ARM_GCC_541\Debug\LCD_PM.o .\CortexM3\ARM_GCC_541\Debug\UART.o .\CortexM3\ARM_GCC_541\Debug\UART_PM.o .\CortexM3\ARM_GCC_541\Debug\UART_INT.o .\CortexM3\ARM_GCC_541\Debug\UART_BOOT.o .\CortexM3\ARM_GCC_541\Debug\isr_uart.o .\CortexM3\ARM_GCC_541\Debug\ADC_AMux.o .\CortexM3\ARM_GCC_541\Debug\ADC_Ext_CP_Clk.o .\CortexM3\ARM_GCC_541\Debug\ADC_IRQ.o .\CortexM3\ARM_GCC_541\Debug\ADC_theACLK.o .\CortexM3\ARM_GCC_541\Debug\LCD_LCDPort.o .\CortexM3\ARM_GCC_541\Debug\UART_IntClock.o .\CortexM3\ARM_GCC_541\Debug\CyDmac.o .\CortexM3\ARM_GCC_541\Debug\CyFlash.o .\CortexM3\ARM_GCC_541\Debug\CyLib.o .\CortexM3\ARM_GCC_541\Debug\cyPm.o .\CortexM3\ARM_GCC_541\Debug\CySpc.o .\CortexM3\ARM_GCC_541\Debug\cyutils.o .\CortexM3\ARM_GCC_541\Debug\cy_em_eeprom.o .\CortexM3\ARM_GCC_541\Debug\DAC.o .\CortexM3\ARM_GCC_541\Debug\DAC_PM.o .\CortexM3\ARM_GCC_541\Debug\audio_out.o .\CortexM3\ARM_GCC_541\Debug\PWM1.o .\CortexM3\ARM_GCC_541\Debug\PWM1_PM.o .\CortexM3\ARM_GCC_541\Debug\PWM2.o .\CortexM3\ARM_GCC_541\Debug\PWM2_PM.o .\CortexM3\ARM_GCC_541\Debug\CLK24MHz_1.o .\CortexM3\ARM_GCC_541\Debug\PWMOUT1.o .\CortexM3\ARM_GCC_541\Debug\PWMOUT2.o .\CortexM3\ARM_GCC_541\Debug\Timer.o .\CortexM3\ARM_GCC_541\Debug\Timer_PM.o .\CortexM3\ARM_GCC_541\Debug\ROW0.o .\CortexM3\ARM_GCC_541\Debug\ROW1.o .\CortexM3\ARM_GCC_541\Debug\ROW2.o .\CortexM3\ARM_GCC_541\Debug\ROW3.o .\CortexM3\ARM_GCC_541\Debug\COL1.o .\CortexM3\ARM_GCC_541\Debug\COL2.o .\CortexM3\ARM_GCC_541\Debug\COL3.o .\CortexM3\ARM_GCC_541\Debug\Timer_DAC.o .\CortexM3\ARM_GCC_541\Debug\Timer_DAC_PM.o .\CortexM3\ARM_GCC_541\Debug\CyBootAsmGnu.o
arm-none-eabi-ar.exe: creating .\CortexM3\ARM_GCC_541\Debug\NeverLose.a
arm-none-eabi-gcc.exe -Wl,--start-group -o "C:\Users\cleme\Desktop\Cours\Q2\Digital Electronics\Projet\never-lose\NeverLose.cydsn\CortexM3\ARM_GCC_541\Debug\NeverLose.elf" .\CortexM3\ARM_GCC_541\Debug\main.o .\CortexM3\ARM_GCC_541\Debug\keypad.o .\CortexM3\ARM_GCC_541\Debug\cyfitter_cfg.o .\CortexM3\ARM_GCC_541\Debug\cymetadata.o .\CortexM3\ARM_GCC_541\Debug\Cm3Start.o .\CortexM3\ARM_GCC_541\Debug\NeverLose.a "C:\Program Files (x86)\Cypress\PSoC Creator\4.4\PSoC Creator\psoc\content\cycomponentlibrary\CyComponentLibrary.cylib\CortexM3\ARM_GCC_541\Debug\CyComponentLibrary.a" -mcpu=cortex-m3 -mthumb -L Generated_Source\PSoC5 -Wl,-Map,.\CortexM3\ARM_GCC_541\Debug/NeverLose.map -T Generated_Source\PSoC5\cm3gcc.ld -specs=nano.specs -Wl,--gc-sections -g -ffunction-sections -Og -ffat-lto-objects -Wl,--end-group
cyelftool.exe -C "C:\Users\cleme\Desktop\Cours\Q2\Digital Electronics\Projet\never-lose\NeverLose.cydsn\CortexM3\ARM_GCC_541\Debug\NeverLose.elf" --flash_row_size 256 --flash_size 262144 --flash_offset 0x00000000
No ELF section .cychecksum found, creating one
Application checksum calculated and stored in ELF section .cychecksum
Checksum calculated and stored in ELF section .cymeta
cyelftool.exe -S "C:\Users\cleme\Desktop\Cours\Q2\Digital Electronics\Projet\never-lose\NeverLose.cydsn\CortexM3\ARM_GCC_541\Debug\NeverLose.elf"
Flash used: 5558 of 262144 bytes (2,1 %).
SRAM used: 2553 of 65536 bytes (3,9 %). Stack: 2048 bytes. Heap: 128 bytes.
--------------- Build Succeeded: 05/15/2023 16:50:22 ---------------
